Using pre-set license
Built from '2022.3/staging' branch; Version is '2022.3.1f1 (f18e0c1b5784) revision 15830540'; Using compiler version '192829333'; Build Type 'Release'
OS: 'Windows 11  (10.0.22631) 64bit Professional' Language: 'en' Physical Memory: 16251 MB
BatchMode: 1, IsHumanControllingUs: 0, StartBugReporterOnCrash: 0, Is64bit: 1, IsPro: 1

COMMAND LINE ARGUMENTS:
C:\Program Files\Unity 2022.3.1f1\Editor\Unity.exe
-adb2
-batchMode
-noUpm
-name
AssetImportWorker9
-projectPath
E:/UnityGames/HyperCasual/Hyper-Casual-Runner
-logFile
Logs/AssetImportWorker9.log
-srvPort
50723
Successfully changed project path to: E:/UnityGames/HyperCasual/Hyper-Casual-Runner
E:/UnityGames/HyperCasual/Hyper-Casual-Runner
[UnityMemory] Configuration Parameters - Can be set up in boot.config
    "memorysetup-bucket-allocator-granularity=16"
    "memorysetup-bucket-allocator-bucket-count=8"
    "memorysetup-bucket-allocator-block-size=33554432"
    "memorysetup-bucket-allocator-block-count=8"
    "memorysetup-main-allocator-block-size=16777216"
    "memorysetup-thread-allocator-block-size=16777216"
    "memorysetup-gfx-main-allocator-block-size=16777216"
    "memorysetup-gfx-thread-allocator-block-size=16777216"
    "memorysetup-cache-allocator-block-size=4194304"
    "memorysetup-typetree-allocator-block-size=2097152"
    "memorysetup-profiler-bucket-allocator-granularity=16"
    "memorysetup-profiler-bucket-allocator-bucket-count=8"
    "memorysetup-profiler-bucket-allocator-block-size=33554432"
    "memorysetup-profiler-bucket-allocator-block-count=8"
    "memorysetup-profiler-allocator-block-size=16777216"
    "memorysetup-profiler-editor-allocator-block-size=1048576"
    "memorysetup-temp-allocator-size-main=16777216"
    "memorysetup-job-temp-allocator-block-size=2097152"
    "memorysetup-job-temp-allocator-block-size-background=1048576"
    "memorysetup-job-temp-allocator-reduction-small-platforms=262144"
    "memorysetup-allocator-temp-initial-block-size-main=262144"
    "memorysetup-allocator-temp-initial-block-size-worker=262144"
    "memorysetup-temp-allocator-size-background-worker=32768"
    "memorysetup-temp-allocator-size-job-worker=262144"
    "memorysetup-temp-allocator-size-preload-manager=33554432"
    "memorysetup-temp-allocator-size-nav-mesh-worker=65536"
    "memorysetup-temp-allocator-size-audio-worker=65536"
    "memorysetup-temp-allocator-size-cloud-worker=32768"
    "memorysetup-temp-allocator-size-gi-baking-worker=262144"
    "memorysetup-temp-allocator-size-gfx=262144"
Player connection [19600] Host "[IP] 172.26.0.1 [Port] 0 [Flags] 2 [Guid] 2753226534 [EditorId] 2753226534 [Version] 1048832 [Id] WindowsEditor(7,Legion5) [Debug] 1 [PackageName] WindowsEditor [ProjectName] Editor" joined multi-casting on [225.0.0.222:54997]...

Player connection [19600] Host "[IP] 172.26.0.1 [Port] 0 [Flags] 2 [Guid] 2753226534 [EditorId] 2753226534 [Version] 1048832 [Id] WindowsEditor(7,Legion5) [Debug] 1 [PackageName] WindowsEditor [ProjectName] Editor" joined alternative multi-casting on [225.0.0.222:34997]...

Refreshing native plugins compatible for Editor in 26.46 ms, found 4 plugins.
Preloading 0 native plugins for Editor in 0.00 ms.
Initialize engine version: 2022.3.1f1 (f18e0c1b5784)
[Subsystems] Discovering subsystems at path C:/Program Files/Unity 2022.3.1f1/Editor/Data/Resources/UnitySubsystems
[Subsystems] Discovering subsystems at path E:/UnityGames/HyperCasual/Hyper-Casual-Runner/Assets
GfxDevice: creating device client; threaded=0; jobified=0
Direct3D:
    Version:  Direct3D 11.0 [level 11.1]
    Renderer: NVIDIA GeForce RTX 2060 (ID=0x1f15)
    Vendor:   NVIDIA
    VRAM:     5969 MB
    Driver:   31.0.15.4617
Initialize mono
Mono path[0] = 'C:/Program Files/Unity 2022.3.1f1/Editor/Data/Managed'
Mono path[1] = 'C:/Program Files/Unity 2022.3.1f1/Editor/Data/MonoBleedingEdge/lib/mono/unityjit-win32'
Mono config path = 'C:/Program Files/Unity 2022.3.1f1/Editor/Data/MonoBleedingEdge/etc'
Using monoOptions --debugger-agent=transport=dt_socket,embedding=1,server=y,suspend=n,address=127.0.0.1:56588
Begin MonoManager ReloadAssembly
Registering precompiled unity dll's ...
Register platform support module: C:/Program Files/Unity 2022.3.1f1/Editor/Data/PlaybackEngines/WebGLSupport/UnityEditor.WebGL.Extensions.dll
Register platform support module: C:/Program Files/Unity 2022.3.1f1/Editor/Data/PlaybackEngines/WindowsStandaloneSupport/UnityEditor.WindowsStandalone.Extensions.dll
Registered in 0.014984 seconds.
- Loaded All Assemblies, in  0.632 seconds
Native extension for WindowsStandalone target not found
Native extension for WebGL target not found
Mono: successfully reloaded assembly
- Finished resetting the current domain, in  0.462 seconds
Domain Reload Profiling: 1091ms
	BeginReloadAssembly (159ms)
		ExecutionOrderSort (0ms)
		DisableScriptedObjects (0ms)
		BackupInstance (0ms)
		ReleaseScriptingObjects (0ms)
		CreateAndSetChildDomain (1ms)
	RebuildCommonClasses (62ms)
	RebuildNativeTypeToScriptingClass (19ms)
	initialDomainReloadingComplete (103ms)
	LoadAllAssembliesAndSetupDomain (284ms)
		LoadAssemblies (155ms)
		RebuildTransferFunctionScriptingTraits (0ms)
		AnalyzeDomain (272ms)
			TypeCache.Refresh (270ms)
				TypeCache.ScanAssembly (250ms)
			ScanForSourceGeneratedMonoScriptInfo (1ms)
			ResolveRequiredComponents (1ms)
	FinalizeReload (463ms)
		ReleaseScriptCaches (0ms)
		RebuildScriptCaches (0ms)
		SetupLoadedEditorAssemblies (358ms)
			LogAssemblyErrors (0ms)
			InitializePlatformSupportModulesInManaged (19ms)
			SetLoadedEditorAssemblies (10ms)
			RefreshPlugins (0ms)
			BeforeProcessingInitializeOnLoad (4ms)
			ProcessInitializeOnLoadAttributes (238ms)
			ProcessInitializeOnLoadMethodAttributes (87ms)
			AfterProcessingInitializeOnLoad (0ms)
			EditorAssembliesLoaded (0ms)
		ExecutionOrderSort2 (0ms)
		AwakeInstancesAfterBackupRestoration (0ms)
========================================================================
Worker process is ready to serve import requests
Begin MonoManager ReloadAssembly
Symbol file LoadedFromMemory doesn't match image E:\UnityGames\HyperCasual\Hyper-Casual-Runner\Library\PackageCache\com.unity.visualscripting@1.8.0\Editor\VisualScripting.Core\Dependencies\YamlDotNet\Unity.VisualScripting.YamlDotNet.dll
Symbol file LoadedFromMemory doesn't match image E:\UnityGames\HyperCasual\Hyper-Casual-Runner\Library\PackageCache\com.unity.visualscripting@1.8.0\Editor\VisualScripting.Core\Dependencies\DotNetZip\Unity.VisualScripting.IonicZip.dll
Assembly 'Assets/ExternalDependencyManager/Editor/1.2.176/Google.IOSResolver.dll' will not be loaded due to errors:
Unable to resolve reference 'UnityEditor.iOS.Extensions.Xcode'. Is the assembly missing or incompatible with the current platform?
Reference validation can be disabled in the Plugin Inspector.
- Loaded All Assemblies, in  3.584 seconds
Refreshing native plugins compatible for Editor in 14.27 ms, found 4 plugins.
Native extension for WindowsStandalone target not found
Native extension for WebGL target not found
Mono: successfully reloaded assembly
- Finished resetting the current domain, in  1.753 seconds
Domain Reload Profiling: 5336ms
	BeginReloadAssembly (515ms)
		ExecutionOrderSort (0ms)
		DisableScriptedObjects (10ms)
		BackupInstance (0ms)
		ReleaseScriptingObjects (0ms)
		CreateAndSetChildDomain (81ms)
	RebuildCommonClasses (84ms)
	RebuildNativeTypeToScriptingClass (20ms)
	initialDomainReloadingComplete (134ms)
	LoadAllAssembliesAndSetupDomain (2828ms)
		LoadAssemblies (1759ms)
		RebuildTransferFunctionScriptingTraits (0ms)
		AnalyzeDomain (1280ms)
			TypeCache.Refresh (1085ms)
				TypeCache.ScanAssembly (1024ms)
			ScanForSourceGeneratedMonoScriptInfo (168ms)
			ResolveRequiredComponents (26ms)
	FinalizeReload (1754ms)
		ReleaseScriptCaches (0ms)
		RebuildScriptCaches (0ms)
		SetupLoadedEditorAssemblies (1252ms)
			LogAssemblyErrors (0ms)
			InitializePlatformSupportModulesInManaged (13ms)
			SetLoadedEditorAssemblies (10ms)
			RefreshPlugins (0ms)
			BeforeProcessingInitializeOnLoad (297ms)
			ProcessInitializeOnLoadAttributes (747ms)
			ProcessInitializeOnLoadMethodAttributes (161ms)
			AfterProcessingInitializeOnLoad (24ms)
			EditorAssembliesLoaded (0ms)
		ExecutionOrderSort2 (0ms)
		AwakeInstancesAfterBackupRestoration (14ms)
Launched and connected shader compiler UnityShaderCompiler.exe after 0.63 seconds
Refreshing native plugins compatible for Editor in 11.79 ms, found 4 plugins.
Preloading 0 native plugins for Editor in 0.00 ms.
Unloading 6037 Unused Serialized files (Serialized files now loaded: 0)
Unloading 112 unused Assets / (0.8 MB). Loaded Objects now: 6505.
Memory consumption went from 223.8 MB to 223.0 MB.
Total: 8.948000 ms (FindLiveObjects: 0.736100 ms CreateObjectMapping: 0.870500 ms MarkObjects: 5.843500 ms  DeleteObjects: 1.496300 ms)

AssetImportParameters requested are different than current active one (requested -> active):
  custom:container-demuxer-ogg: 62fdf1f143b41e24485cea50d1cbac27 -> 
  custom:video-codec-MediaFoundation-h265: 746d11721c4dcdbdad8f713fa42b33f4 -> 
  custom:video-decoder-ogg-theora: a1e56fd34408186e4bbccfd4996cb3dc -> 
  custom:framework-win-MediaFoundation: 216162199b28c13a410421893ffa2e32 -> 
  custom:container-demuxer-webm: 4f35f7cbe854078d1ac9338744f61a02 -> 
  custom:container-muxer-webm: aa71ff27fc2769a1b78a27578f13a17b -> 
  custom:video-decoder-webm-vp8: 9c59270c3fd7afecdb556c50c9e8de78 -> 
  custom:AudioImporter_EditorPlatform: d09bf68614088b80899f8185d706f6e7 -> 
  custom:video-encoder-webm-vp8: eb34c28f22e8b96e1ab97ce403110664 -> 
  custom:audio-decoder-ogg-vorbis: bf7c407c2cedff20999df2af8eb42d56 -> 
  custom:audio-encoder-webm-vorbis: bf7c407c2cedff20999df2af8eb42d56 -> 
========================================================================
Received Import Request.
  Time since last request: 86782.815833 seconds.
  path: Assets/Prefabs/Trap/Animated/Overhead Trap.prefab
  artifactKey: Guid(708cf58c0fb7019489d5060c77af8ef4) Importer(2089858483,3d70f49cd1c2eb9ae422958d1c652c6b)
Start importing Assets/Prefabs/Trap/Animated/Overhead Trap.prefab using Guid(708cf58c0fb7019489d5060c77af8ef4) Importer(2089858483,3d70f49cd1c2eb9ae422958d1c652c6b) Generated GUIDs only implemented for interfaces!
 -> (artifact id: 'eb2c99bc047495b8b65a774cd84a23fb') in 1.195093 seconds
Number of updated asset objects reloaded before import = 0
Number of asset objects unloaded after import = 22
========================================================================
Received Import Request.
  Time since last request: 0.000050 seconds.
  path: Assets/Prefabs/Player.prefab
  artifactKey: Guid(8cb9a18750bf1fc429e3c868af245cc6) Importer(2089858483,3d70f49cd1c2eb9ae422958d1c652c6b)
Start importing Assets/Prefabs/Player.prefab using Guid(8cb9a18750bf1fc429e3c868af245cc6) Importer(2089858483,3d70f49cd1c2eb9ae422958d1c652c6b) The method get_fontSharedMaterials was not found on SizeText. This property will not be indexed.
UnityEngine.StackTraceUtility:ExtractStackTrace ()
UnityEngine.DebugLogHandler:LogFormat (UnityEngine.LogType,UnityEngine.Object,string,object[])
UnityEngine.Logger:Log (UnityEngine.LogType,object)
UnityEngine.Debug:LogWarning (object)
UnityEditor.Rendering.Universal.MaterialReferenceBuilder:GetMaterialFromMethod (System.Reflection.MethodInfo,UnityEngine.Object,System.Func`3<string, string, string>) (at ./Library/PackageCache/com.unity.render-pipelines.universal@14.0.8/Editor/Converter/MaterialReferenceBuilder.cs:133)
UnityEditor.Rendering.Universal.ConversionIndexers:ConversionIndexer (UnityEditor.Search.CustomObjectIndexerTarget,UnityEditor.Search.ObjectIndexer) (at ./Library/PackageCache/com.unity.render-pipelines.universal@14.0.8/Editor/Converter/ConversionIndexers.cs:21)
UnityEditor.Search.ObjectIndexer:CallCustomIndexers (string,int,UnityEngine.Object,UnityEditor.SerializedObject,bool)
UnityEditor.Search.ObjectIndexer:IndexCustomProperties (string,int,UnityEngine.Object)
UnityEditor.Search.AssetIndexer:IndexCustomGameObjectProperties (string,int,UnityEngine.GameObject)
UnityEditor.Search.AssetIndexer:IndexObjects (UnityEngine.GameObject[],string,string,string,bool)
UnityEditor.Search.AssetIndexer:IndexPrefab (string,bool)
UnityEditor.Search.AssetIndexer:IndexSceneDocument (string,bool)
UnityEditor.Search.AssetIndexer:IndexDocument (string,bool)
UnityEditor.Search.SearchIndexEntryImporter:OnImportAsset (UnityEditor.AssetImporters.AssetImportContext)
UnityEditor.AssetImporters.ScriptedImporter:GenerateAssetData (UnityEditor.AssetImporters.AssetImportContext)

(Filename: ./Library/PackageCache/com.unity.render-pipelines.universal@14.0.8/Editor/Converter/MaterialReferenceBuilder.cs Line: 133)

Generated GUIDs only implemented for interfaces!
 -> (artifact id: '301c7126da2311b3be5c4ce81e53f050') in 0.519651 seconds
Number of updated asset objects reloaded before import = 0
Number of asset objects unloaded after import = 196
========================================================================
Received Import Request.
  Time since last request: 0.000039 seconds.
  path: Assets/ExternalDependencyManager/Editor/Google.VersionHandler.dll.mdb
  artifactKey: Guid(8e257495524f4e6aa7ed13445e81a182) Importer(2089858483,0ecaa5967403d082aa24f35e1b516d23)
Start importing Assets/ExternalDependencyManager/Editor/Google.VersionHandler.dll.mdb using Guid(8e257495524f4e6aa7ed13445e81a182) Importer(2089858483,0ecaa5967403d082aa24f35e1b516d23) Generated GUIDs only implemented for interfaces!
 -> (artifact id: '5fad1be8417ca626c1ddc010fc630bae') in 0.043979 seconds
Number of updated asset objects reloaded before import = 0
Number of asset objects unloaded after import = 1
========================================================================
Received Import Request.
  Time since last request: 0.000031 seconds.
  path: Assets/Animation/Trap/Obstacle-18.controller
  artifactKey: Guid(50a654ff21d8cad4cb1b59ba8ebd2edb) Importer(2089858483,0ecaa5967403d082aa24f35e1b516d23)
Start importing Assets/Animation/Trap/Obstacle-18.controller using Guid(50a654ff21d8cad4cb1b59ba8ebd2edb) Importer(2089858483,0ecaa5967403d082aa24f35e1b516d23) Generated GUIDs only implemented for interfaces!
 -> (artifact id: 'db38bfb86df6adb094656e6593049591') in 0.069618 seconds
Number of updated asset objects reloaded before import = 0
Number of asset objects unloaded after import = 4
========================================================================
Received Import Request.
  Time since last request: 0.000030 seconds.
  path: Assets/Prefabs/Trap/Animated/Rolling Grinder.prefab
  artifactKey: Guid(b6c82e23e4423464c9cc0560d67a4e67) Importer(2089858483,3d70f49cd1c2eb9ae422958d1c652c6b)
Start importing Assets/Prefabs/Trap/Animated/Rolling Grinder.prefab using Guid(b6c82e23e4423464c9cc0560d67a4e67) Importer(2089858483,3d70f49cd1c2eb9ae422958d1c652c6b) Generated GUIDs only implemented for interfaces!
 -> (artifact id: 'ad0c92199cf7751b488615a284c6a826') in 0.041380 seconds
Number of updated asset objects reloaded before import = 0
Number of asset objects unloaded after import = 10
========================================================================
Received Import Request.
  Time since last request: 0.000027 seconds.
  path: Assets/TextMesh Pro/Resources/Fonts & Materials/LiberationSans SDF.asset
  artifactKey: Guid(8f586378b4e144a9851e7b34d9b748ee) Importer(2089858483,3d70f49cd1c2eb9ae422958d1c652c6b)
Start importing Assets/TextMesh Pro/Resources/Fonts & Materials/LiberationSans SDF.asset using Guid(8f586378b4e144a9851e7b34d9b748ee) Importer(2089858483,3d70f49cd1c2eb9ae422958d1c652c6b) Generated GUIDs only implemented for interfaces!
 -> (artifact id: 'bfeecb608c72446891dd5f643d9af0c0') in 0.053606 seconds
Number of updated asset objects reloaded before import = 0
Number of asset objects unloaded after import = 7
========================================================================
Received Import Request.
  Time since last request: 0.000026 seconds.
  path: Assets/Skybox/BOXOPHOBIC/Skybox Cubemap Extended/Core/Functions/Compute Rotation Y.asset
  artifactKey: Guid(693b7d13a80c93a4e8b791a9cd5e5ab2) Importer(2089858483,3d70f49cd1c2eb9ae422958d1c652c6b)
Start importing Assets/Skybox/BOXOPHOBIC/Skybox Cubemap Extended/Core/Functions/Compute Rotation Y.asset using Guid(693b7d13a80c93a4e8b791a9cd5e5ab2) Importer(2089858483,3d70f49cd1c2eb9ae422958d1c652c6b) Generated GUIDs only implemented for interfaces!
 -> (artifact id: 'c42ef506af0d92c1606016c048e8f38d') in 0.032010 seconds
Number of updated asset objects reloaded before import = 0
Number of asset objects unloaded after import = 1
========================================================================
Received Import Request.
  Time since last request: 0.000117 seconds.
  path: Assets/Prefabs/Trap/Animated/Obstacle.prefab
  artifactKey: Guid(fa96478dac555674d8b016b2fa71a256) Importer(2089858483,3d70f49cd1c2eb9ae422958d1c652c6b)
Start importing Assets/Prefabs/Trap/Animated/Obstacle.prefab using Guid(fa96478dac555674d8b016b2fa71a256) Importer(2089858483,3d70f49cd1c2eb9ae422958d1c652c6b) Generated GUIDs only implemented for interfaces!
 -> (artifact id: 'eb547128c6961ee618dc7cc073f8d75c') in 0.035130 seconds
Number of updated asset objects reloaded before import = 0
Number of asset objects unloaded after import = 15
========================================================================
Received Import Request.
  Time since last request: 0.000022 seconds.
  path: Assets/Scenes/Level 2.unity
  artifactKey: Guid(e08deebbdf6bf424cbad20c8a620865b) Importer(2089858483,0ecaa5967403d082aa24f35e1b516d23)
Start importing Assets/Scenes/Level 2.unity using Guid(e08deebbdf6bf424cbad20c8a620865b) Importer(2089858483,0ecaa5967403d082aa24f35e1b516d23) Generated GUIDs only implemented for interfaces!
 -> (artifact id: '87c62227cf495390bfbacc6146490b1a') in 0.021376 seconds
Number of updated asset objects reloaded before import = 0
Number of asset objects unloaded after import = 1
========================================================================
Received Import Request.
  Time since last request: 0.000020 seconds.
  path: Assets/Animation/Trap/Obstacle-13.controller
  artifactKey: Guid(08a0073a0c8b9e74188cc62a391babaf) Importer(2089858483,0ecaa5967403d082aa24f35e1b516d23)
Start importing Assets/Animation/Trap/Obstacle-13.controller using Guid(08a0073a0c8b9e74188cc62a391babaf) Importer(2089858483,0ecaa5967403d082aa24f35e1b516d23) Generated GUIDs only implemented for interfaces!
 -> (artifact id: 'ac0c773e9233265ac724326560f24930') in 0.019214 seconds
Number of updated asset objects reloaded before import = 0
Number of asset objects unloaded after import = 4
========================================================================
Received Import Request.
  Time since last request: 0.000021 seconds.
  path: Assets/Materials/SizeBackground.mat
  artifactKey: Guid(ffb5c82e16728724498820357ea25ff1) Importer(2089858483,0ecaa5967403d082aa24f35e1b516d23)
Start importing Assets/Materials/SizeBackground.mat using Guid(ffb5c82e16728724498820357ea25ff1) Importer(2089858483,0ecaa5967403d082aa24f35e1b516d23) Generated GUIDs only implemented for interfaces!
 -> (artifact id: '0c1e3713d42985129ba6528cba946fa6') in 0.083394 seconds
Number of updated asset objects reloaded before import = 0
Number of asset objects unloaded after import = 1
========================================================================
Received Import Request.
  Time since last request: 0.000027 seconds.
  path: Assets/Prefabs/Trap/Animated/Floor Scrotcher.prefab
  artifactKey: Guid(270286066ec00114cb4227a553338448) Importer(2089858483,3d70f49cd1c2eb9ae422958d1c652c6b)
Start importing Assets/Prefabs/Trap/Animated/Floor Scrotcher.prefab using Guid(270286066ec00114cb4227a553338448) Importer(2089858483,3d70f49cd1c2eb9ae422958d1c652c6b) Generated GUIDs only implemented for interfaces!
 -> (artifact id: '6a1c304d8507cb03a7bfee2099e57e55') in 0.041649 seconds
Number of updated asset objects reloaded before import = 0
Number of asset objects unloaded after import = 14
========================================================================
Received Import Request.
  Time since last request: 0.000042 seconds.
  path: Assets/GoogleMobileAds/Editor/Resources/PlaceholderAds/Interstitials/1024x768.prefab
  artifactKey: Guid(53084846ca7a14a878485a5db71fda00) Importer(2089858483,3d70f49cd1c2eb9ae422958d1c652c6b)
Start importing Assets/GoogleMobileAds/Editor/Resources/PlaceholderAds/Interstitials/1024x768.prefab using Guid(53084846ca7a14a878485a5db71fda00) Importer(2089858483,3d70f49cd1c2eb9ae422958d1c652c6b) Generated GUIDs only implemented for interfaces!
 -> (artifact id: 'e95294d0a360133862f190cf29828ef7') in 0.078565 seconds
Number of updated asset objects reloaded before import = 0
Number of asset objects unloaded after import = 26
========================================================================
Received Import Request.
  Time since last request: 0.000024 seconds.
  path: Assets/Textures/lightray3.png
  artifactKey: Guid(01652caeedca1ea4286188ff1b9ca93e) Importer(2089858483,0ecaa5967403d082aa24f35e1b516d23)
Start importing Assets/Textures/lightray3.png using Guid(01652caeedca1ea4286188ff1b9ca93e) Importer(2089858483,0ecaa5967403d082aa24f35e1b516d23) Generated GUIDs only implemented for interfaces!
 -> (artifact id: 'd63d19d729eae220506158beb7832150') in 0.205472 seconds
Number of updated asset objects reloaded before import = 0
Number of asset objects unloaded after import = 1
========================================================================
Received Import Request.
  Time since last request: 0.000084 seconds.
  path: Assets/Fonts/Bumpo SDF.asset
  artifactKey: Guid(c218683990595bd45ba791983ea9a1f7) Importer(2089858483,0ecaa5967403d082aa24f35e1b516d23)
Start importing Assets/Fonts/Bumpo SDF.asset using Guid(c218683990595bd45ba791983ea9a1f7) Importer(2089858483,0ecaa5967403d082aa24f35e1b516d23) Generated GUIDs only implemented for interfaces!
 -> (artifact id: '52750b1dad3157594f08a949569fa480') in 0.158927 seconds
Number of updated asset objects reloaded before import = 0
Number of asset objects unloaded after import = 5
========================================================================
Received Import Request.
  Time since last request: 0.000051 seconds.
  path: Assets/Models/Trap/Obstacle-17.fbx
  artifactKey: Guid(d4827d7a0075e0c48a560f143eff7b29) Importer(2089858483,0ecaa5967403d082aa24f35e1b516d23)
Start importing Assets/Models/Trap/Obstacle-17.fbx using Guid(d4827d7a0075e0c48a560f143eff7b29) Importer(2089858483,0ecaa5967403d082aa24f35e1b516d23) Generated GUIDs only implemented for interfaces!
 -> (artifact id: '96ed9272b24d34674d163e82059e5fc7') in 0.127158 seconds
Number of updated asset objects reloaded before import = 0
Number of asset objects unloaded after import = 25
========================================================================
Received Import Request.
  Time since last request: 0.000025 seconds.
  path: Assets/Models/Trap/Obstacle-6.fbx
  artifactKey: Guid(6c4c78a4c9d3d5b428dbf44c6ad553ed) Importer(2089858483,0ecaa5967403d082aa24f35e1b516d23)
Start importing Assets/Models/Trap/Obstacle-6.fbx using Guid(6c4c78a4c9d3d5b428dbf44c6ad553ed) Importer(2089858483,0ecaa5967403d082aa24f35e1b516d23) Generated GUIDs only implemented for interfaces!
 -> (artifact id: '8057c189486b249e764bd3484f891b2d') in 0.060523 seconds
Number of updated asset objects reloaded before import = 0
Number of asset objects unloaded after import = 15
========================================================================
Received Import Request.
  Time since last request: 0.000023 seconds.
  path: Assets/GoogleMobileAds/Editor/Resources/Ump/ConsentForm.prefab
  artifactKey: Guid(32087445d9e7f4577ae9170a6b11f114) Importer(2089858483,3d70f49cd1c2eb9ae422958d1c652c6b)
Start importing Assets/GoogleMobileAds/Editor/Resources/Ump/ConsentForm.prefab using Guid(32087445d9e7f4577ae9170a6b11f114) Importer(2089858483,3d70f49cd1c2eb9ae422958d1c652c6b) Generated GUIDs only implemented for interfaces!
 -> (artifact id: '9182b7c22a02b693c7b6d7571a627a76') in 0.043490 seconds
Number of updated asset objects reloaded before import = 0
Number of asset objects unloaded after import = 27
========================================================================
Received Import Request.
  Time since last request: 0.000034 seconds.
  path: Assets/Prefabs/Trap/Animated/Spinning Pillars.prefab
  artifactKey: Guid(86e2dd5306fb4d4449dbea8863b3152c) Importer(2089858483,3d70f49cd1c2eb9ae422958d1c652c6b)
Start importing Assets/Prefabs/Trap/Animated/Spinning Pillars.prefab using Guid(86e2dd5306fb4d4449dbea8863b3152c) Importer(2089858483,3d70f49cd1c2eb9ae422958d1c652c6b) Generated GUIDs only implemented for interfaces!
 -> (artifact id: '10b1d760aefcf208ef99f969acdf27cd') in 0.028625 seconds
Number of updated asset objects reloaded before import = 0
Number of asset objects unloaded after import = 8
========================================================================
Received Import Request.
  Time since last request: 0.000039 seconds.
  path: Assets/UniversalRenderPipelineGlobalSettings.asset
  artifactKey: Guid(42e4a4ea6a857164e80d96f11b7c7a86) Importer(2089858483,0ecaa5967403d082aa24f35e1b516d23)
Start importing Assets/UniversalRenderPipelineGlobalSettings.asset using Guid(42e4a4ea6a857164e80d96f11b7c7a86) Importer(2089858483,0ecaa5967403d082aa24f35e1b516d23) Generated GUIDs only implemented for interfaces!
 -> (artifact id: '014337c8bde1bdd8f226cd14d48ebdb6') in 0.035326 seconds
Number of updated asset objects reloaded before import = 0
Number of asset objects unloaded after import = 1
========================================================================
Received Import Request.
  Time since last request: 0.000020 seconds.
  path: Assets/Materials/Glows/glow.mat
  artifactKey: Guid(080a981a4ee9592469607d4328a19a86) Importer(2089858483,0ecaa5967403d082aa24f35e1b516d23)
Start importing Assets/Materials/Glows/glow.mat using Guid(080a981a4ee9592469607d4328a19a86) Importer(2089858483,0ecaa5967403d082aa24f35e1b516d23) Generated GUIDs only implemented for interfaces!
 -> (artifact id: '2d20061a1ba01c3df5c3bcffa68b7a4e') in 0.030879 seconds
Number of updated asset objects reloaded before import = 0
Number of asset objects unloaded after import = 2
========================================================================
Received Import Request.
  Time since last request: 0.000023 seconds.
  path: Assets/Models/Trap/Obstacle-22.fbx
  artifactKey: Guid(422c7777062857b40a0f35f82cbf8a37) Importer(2089858483,0ecaa5967403d082aa24f35e1b516d23)
Start importing Assets/Models/Trap/Obstacle-22.fbx using Guid(422c7777062857b40a0f35f82cbf8a37) Importer(2089858483,0ecaa5967403d082aa24f35e1b516d23) Generated GUIDs only implemented for interfaces!
 -> (artifact id: '85561f4d84414c4d967b9ba0ada24f7f') in 0.052790 seconds
Number of updated asset objects reloaded before import = 0
Number of asset objects unloaded after import = 19
========================================================================
Received Import Request.
  Time since last request: 0.000020 seconds.
  path: Assets/Prefabs/Trap/Animated/Door.prefab
  artifactKey: Guid(1139a20c3f036e6448ce456217b4c02b) Importer(2089858483,3d70f49cd1c2eb9ae422958d1c652c6b)
Start importing Assets/Prefabs/Trap/Animated/Door.prefab using Guid(1139a20c3f036e6448ce456217b4c02b) Importer(2089858483,3d70f49cd1c2eb9ae422958d1c652c6b) Generated GUIDs only implemented for interfaces!
 -> (artifact id: 'f995d72211f70f023ce22555e138f485') in 0.032328 seconds
Number of updated asset objects reloaded before import = 0
Number of asset objects unloaded after import = 24
========================================================================
Received Import Request.
  Time since last request: 0.000024 seconds.
  path: Assets/ExternalDependencyManager/Editor/LICENSE
  artifactKey: Guid(d980a3fa4da0408e910fde746ce3b558) Importer(2089858483,0ecaa5967403d082aa24f35e1b516d23)
Start importing Assets/ExternalDependencyManager/Editor/LICENSE using Guid(d980a3fa4da0408e910fde746ce3b558) Importer(2089858483,0ecaa5967403d082aa24f35e1b516d23) Generated GUIDs only implemented for interfaces!
 -> (artifact id: '4f769a7464a861d1a6326ca18063bfb7') in 0.025060 seconds
Number of updated asset objects reloaded before import = 0
Number of asset objects unloaded after import = 1
========================================================================
Received Import Request.
  Time since last request: 0.000048 seconds.
  path: Assets/Prefabs/Food/IceCream.prefab
  artifactKey: Guid(777dc71e8f492aa4dabf2a109f250ee7) Importer(2089858483,3d70f49cd1c2eb9ae422958d1c652c6b)
Start importing Assets/Prefabs/Food/IceCream.prefab using Guid(777dc71e8f492aa4dabf2a109f250ee7) Importer(2089858483,3d70f49cd1c2eb9ae422958d1c652c6b) Generated GUIDs only implemented for interfaces!
 -> (artifact id: '70ec1b616832ddfffccb793a8b09ce25') in 0.040271 seconds
Number of updated asset objects reloaded before import = 0
Number of asset objects unloaded after import = 8
========================================================================
Received Import Request.
  Time since last request: 0.000054 seconds.
  path: Assets/Materials/Gates/FieldPositive.mat
  artifactKey: Guid(11fcbaccfabfcb34eb90359a0cad122e) Importer(2089858483,0ecaa5967403d082aa24f35e1b516d23)
Start importing Assets/Materials/Gates/FieldPositive.mat using Guid(11fcbaccfabfcb34eb90359a0cad122e) Importer(2089858483,0ecaa5967403d082aa24f35e1b516d23) Generated GUIDs only implemented for interfaces!
 -> (artifact id: '931b0c3bbd489db926c5507a7dd1aeea') in 0.027457 seconds
Number of updated asset objects reloaded before import = 0
Number of asset objects unloaded after import = 1
========================================================================
Received Import Request.
  Time since last request: 0.000019 seconds.
  path: Assets/Animation/Player/Kick.anim
  artifactKey: Guid(a3c6956ab448f744e9fbef23efb9a63a) Importer(2089858483,0ecaa5967403d082aa24f35e1b516d23)
Start importing Assets/Animation/Player/Kick.anim using Guid(a3c6956ab448f744e9fbef23efb9a63a) Importer(2089858483,0ecaa5967403d082aa24f35e1b516d23) Generated GUIDs only implemented for interfaces!
 -> (artifact id: 'b7234ed7e2a1b184def67e8f8804b583') in 0.038469 seconds
Number of updated asset objects reloaded before import = 0
Number of asset objects unloaded after import = 1
========================================================================
Received Import Request.
  Time since last request: 0.000019 seconds.
  path: Assets/Animation/Player/Win.anim
  artifactKey: Guid(ba5c9084f6dfe8140aad72433c8cb250) Importer(2089858483,0ecaa5967403d082aa24f35e1b516d23)
Start importing Assets/Animation/Player/Win.anim using Guid(ba5c9084f6dfe8140aad72433c8cb250) Importer(2089858483,0ecaa5967403d082aa24f35e1b516d23) Generated GUIDs only implemented for interfaces!
 -> (artifact id: 'ac6275a207d47f4c6e9dbc8c5df4d550') in 0.053321 seconds
Number of updated asset objects reloaded before import = 0
Number of asset objects unloaded after import = 1
========================================================================
Received Import Request.
  Time since last request: 0.000027 seconds.
  path: Assets/Sprites/Emojis/2.png
  artifactKey: Guid(faf2357edd18fa048ac0e1f9ef1f88ca) Importer(2089858483,0ecaa5967403d082aa24f35e1b516d23)
Start importing Assets/Sprites/Emojis/2.png using Guid(faf2357edd18fa048ac0e1f9ef1f88ca) Importer(2089858483,0ecaa5967403d082aa24f35e1b516d23) Generated GUIDs only implemented for interfaces!
 -> (artifact id: '6380bac69616e18fc4293bb8c99eb2e5') in 0.072253 seconds
Number of updated asset objects reloaded before import = 0
Number of asset objects unloaded after import = 3
========================================================================
Received Import Request.
  Time since last request: 0.000194 seconds.
  path: Assets/Prefabs/Food/Donuts.prefab
  artifactKey: Guid(4be01df6236101b4fba916fc0c5f7f42) Importer(2089858483,0ecaa5967403d082aa24f35e1b516d23)
Start importing Assets/Prefabs/Food/Donuts.prefab using Guid(4be01df6236101b4fba916fc0c5f7f42) Importer(2089858483,0ecaa5967403d082aa24f35e1b516d23) Generated GUIDs only implemented for interfaces!
 -> (artifact id: '9a2c5998a5dc1c109ca1b2ffd28197df') in 0.035106 seconds
Number of updated asset objects reloaded before import = 0
Number of asset objects unloaded after import = 7
========================================================================
Received Import Request.
  Time since last request: 0.000022 seconds.
  path: Assets/Prefabs/Food/IceCream.prefab
  artifactKey: Guid(777dc71e8f492aa4dabf2a109f250ee7) Importer(2089858483,0ecaa5967403d082aa24f35e1b516d23)
Start importing Assets/Prefabs/Food/IceCream.prefab using Guid(777dc71e8f492aa4dabf2a109f250ee7) Importer(2089858483,0ecaa5967403d082aa24f35e1b516d23) Generated GUIDs only implemented for interfaces!
 -> (artifact id: '6691510f8279aec5241f33a9844671cb') in 0.030915 seconds
Number of updated asset objects reloaded before import = 0
Number of asset objects unloaded after import = 7
========================================================================
Received Import Request.
  Time since last request: 0.000023 seconds.
  path: Assets/PlayerPrefsEditor/Editor Resources/sort_desc.png
  artifactKey: Guid(73059e24567e2e647bb1d8280f28bf43) Importer(2089858483,0ecaa5967403d082aa24f35e1b516d23)
Start importing Assets/PlayerPrefsEditor/Editor Resources/sort_desc.png using Guid(73059e24567e2e647bb1d8280f28bf43) Importer(2089858483,0ecaa5967403d082aa24f35e1b516d23) Generated GUIDs only implemented for interfaces!
 -> (artifact id: 'd212e4d19ef6948c798ffd3e23672140') in 0.059024 seconds
Number of updated asset objects reloaded before import = 0
Number of asset objects unloaded after import = 1
========================================================================
Received Import Request.
  Time since last request: 0.000022 seconds.
  path: Assets/Prefabs/Food/Milk.prefab
  artifactKey: Guid(58ed6d0a2da5d2049888c1ac573ec108) Importer(2089858483,0ecaa5967403d082aa24f35e1b516d23)
Start importing Assets/Prefabs/Food/Milk.prefab using Guid(58ed6d0a2da5d2049888c1ac573ec108) Importer(2089858483,0ecaa5967403d082aa24f35e1b516d23) Generated GUIDs only implemented for interfaces!
 -> (artifact id: '9077615fc5b5267a26153ce64cb085ef') in 0.036909 seconds
Number of updated asset objects reloaded before import = 0
Number of asset objects unloaded after import = 7
========================================================================
Received Import Request.
  Time since last request: 0.000022 seconds.
  path: Assets/PlayerPrefsEditor/Editor Resources/sort_asc.png
  artifactKey: Guid(3e86075fa207f0041b6111dbfaa3d66e) Importer(2089858483,0ecaa5967403d082aa24f35e1b516d23)
Start importing Assets/PlayerPrefsEditor/Editor Resources/sort_asc.png using Guid(3e86075fa207f0041b6111dbfaa3d66e) Importer(2089858483,0ecaa5967403d082aa24f35e1b516d23) Generated GUIDs only implemented for interfaces!
 -> (artifact id: 'e4608f79e86c26d2880df0ee3f8d6b08') in 0.074968 seconds
Number of updated asset objects reloaded before import = 0
Number of asset objects unloaded after import = 1
========================================================================
Received Import Request.
  Time since last request: 0.000030 seconds.
  path: Assets/Scripts/Player/PlayerAnimations.cs
  artifactKey: Guid(b47f351906cf7e247b2ef8954c46188e) Importer(2089858483,0ecaa5967403d082aa24f35e1b516d23)
Start importing Assets/Scripts/Player/PlayerAnimations.cs using Guid(b47f351906cf7e247b2ef8954c46188e) Importer(2089858483,0ecaa5967403d082aa24f35e1b516d23) Generated GUIDs only implemented for interfaces!
 -> (artifact id: '34ff1eac43e20982d3099a4f75d5654c') in 0.022484 seconds
Number of updated asset objects reloaded before import = 0
Number of asset objects unloaded after import = 1
========================================================================
Received Import Request.
  Time since last request: 0.000020 seconds.
  path: Assets/Scripts/Player/PlayerCollisions.cs
  artifactKey: Guid(0d1b67f3f0d17ef42b39b5a9ee93fda0) Importer(2089858483,0ecaa5967403d082aa24f35e1b516d23)
Start importing Assets/Scripts/Player/PlayerCollisions.cs using Guid(0d1b67f3f0d17ef42b39b5a9ee93fda0) Importer(2089858483,0ecaa5967403d082aa24f35e1b516d23) Generated GUIDs only implemented for interfaces!
 -> (artifact id: 'a2215cfb430f0f50d65607bdfc266308') in 0.019204 seconds
Number of updated asset objects reloaded before import = 0
Number of asset objects unloaded after import = 1
========================================================================
Received Import Request.
  Time since last request: 0.000021 seconds.
  path: Assets/Scripts/UI/FingerAnimation.cs
  artifactKey: Guid(79d2879214306d049bbbc47e29b8b60f) Importer(2089858483,0ecaa5967403d082aa24f35e1b516d23)
Start importing Assets/Scripts/UI/FingerAnimation.cs using Guid(79d2879214306d049bbbc47e29b8b60f) Importer(2089858483,0ecaa5967403d082aa24f35e1b516d23) Generated GUIDs only implemented for interfaces!
 -> (artifact id: 'c7c057424aec2062bc88bb2475144ae3') in 0.025155 seconds
Number of updated asset objects reloaded before import = 0
Number of asset objects unloaded after import = 1
========================================================================
Received Import Request.
  Time since last request: 0.000021 seconds.
  path: Assets/Prefabs/Food/Hambuger.prefab
  artifactKey: Guid(0604e13aff26f454b9cce182d943b857) Importer(2089858483,0ecaa5967403d082aa24f35e1b516d23)
Start importing Assets/Prefabs/Food/Hambuger.prefab using Guid(0604e13aff26f454b9cce182d943b857) Importer(2089858483,0ecaa5967403d082aa24f35e1b516d23) Generated GUIDs only implemented for interfaces!
 -> (artifact id: '424ca2a6bc936a44902266e08d7d69fc') in 0.028215 seconds
Number of updated asset objects reloaded before import = 0
Number of asset objects unloaded after import = 7
========================================================================
Received Import Request.
  Time since last request: 0.000022 seconds.
  path: Assets/Prefabs/Trap/Animated/Spikey Horizontal Trap.prefab
  artifactKey: Guid(d675536efc056dd43b530cd35f29491f) Importer(2089858483,3d70f49cd1c2eb9ae422958d1c652c6b)
Start importing Assets/Prefabs/Trap/Animated/Spikey Horizontal Trap.prefab using Guid(d675536efc056dd43b530cd35f29491f) Importer(2089858483,3d70f49cd1c2eb9ae422958d1c652c6b) Generated GUIDs only implemented for interfaces!
 -> (artifact id: '9cb259f5f72a4eee2e4588d315e2b021') in 0.035070 seconds
Number of updated asset objects reloaded before import = 0
Number of asset objects unloaded after import = 30
========================================================================
Received Import Request.
  Time since last request: 0.000019 seconds.
  path: Assets/Prefabs/Trap/Animated/Fan.prefab
  artifactKey: Guid(afa842a592c21834db9c427c1f8b01c5) Importer(2089858483,3d70f49cd1c2eb9ae422958d1c652c6b)
Start importing Assets/Prefabs/Trap/Animated/Fan.prefab using Guid(afa842a592c21834db9c427c1f8b01c5) Importer(2089858483,3d70f49cd1c2eb9ae422958d1c652c6b) Generated GUIDs only implemented for interfaces!
 -> (artifact id: '6690c6d7e3706f7b8f8fbcc9870e28b8') in 0.028819 seconds
Number of updated asset objects reloaded before import = 0
Number of asset objects unloaded after import = 15
========================================================================
Received Import Request.
  Time since last request: 0.000027 seconds.
  path: Assets/PlayerPrefsEditor/Editor Resources/refresh.png
  artifactKey: Guid(7d9ae81a8b3252449820b277748395bc) Importer(2089858483,0ecaa5967403d082aa24f35e1b516d23)
Start importing Assets/PlayerPrefsEditor/Editor Resources/refresh.png using Guid(7d9ae81a8b3252449820b277748395bc) Importer(2089858483,0ecaa5967403d082aa24f35e1b516d23) Generated GUIDs only implemented for interfaces!
 -> (artifact id: 'c86af35903cb944cebd8843503de4106') in 0.057433 seconds
Number of updated asset objects reloaded before import = 0
Number of asset objects unloaded after import = 1
========================================================================
Received Import Request.
  Time since last request: 0.000034 seconds.
  path: Assets/PlayerPrefsEditor/Editor/Dialogs/TextValidator.cs
  artifactKey: Guid(4202eaaf18e2e43438f2f3632b252393) Importer(2089858483,0ecaa5967403d082aa24f35e1b516d23)
Start importing Assets/PlayerPrefsEditor/Editor/Dialogs/TextValidator.cs using Guid(4202eaaf18e2e43438f2f3632b252393) Importer(2089858483,0ecaa5967403d082aa24f35e1b516d23) Generated GUIDs only implemented for interfaces!
 -> (artifact id: '494ecd778dbb9540739b99d5bfb8ae9a') in 0.018880 seconds
Number of updated asset objects reloaded before import = 0
Number of asset objects unloaded after import = 1
========================================================================
Received Import Request.
  Time since last request: 0.000025 seconds.
  path: Assets/PathCreator/Examples/Materials/Red.mat
  artifactKey: Guid(01763a1c279a5cd4d8f897f6b6cdbae5) Importer(2089858483,0ecaa5967403d082aa24f35e1b516d23)
Start importing Assets/PathCreator/Examples/Materials/Red.mat using Guid(01763a1c279a5cd4d8f897f6b6cdbae5) Importer(2089858483,0ecaa5967403d082aa24f35e1b516d23) Generated GUIDs only implemented for interfaces!
 -> (artifact id: '37555c1fd991ff7c798ff9c1d9bac8d0') in 0.033631 seconds
Number of updated asset objects reloaded before import = 0
Number of asset objects unloaded after import = 1
========================================================================
Received Import Request.
  Time since last request: 0.000294 seconds.
  path: Assets/TextMesh Pro/Shaders/TMP_Bitmap-Custom-Atlas.shader
  artifactKey: Guid(48bb5f55d8670e349b6e614913f9d910) Importer(2089858483,0ecaa5967403d082aa24f35e1b516d23)
Start importing Assets/TextMesh Pro/Shaders/TMP_Bitmap-Custom-Atlas.shader using Guid(48bb5f55d8670e349b6e614913f9d910) Importer(2089858483,0ecaa5967403d082aa24f35e1b516d23) Generated GUIDs only implemented for interfaces!
 -> (artifact id: 'cb31eeaabe82a7835a8c2ec77b236e14') in 0.031758 seconds
Number of updated asset objects reloaded before import = 0
Number of asset objects unloaded after import = 1
========================================================================
Received Import Request.
  Time since last request: 0.000052 seconds.
  path: Assets/Sprites/Emojis/8.png
  artifactKey: Guid(3007b5f2906c0b142bd744601ac085e0) Importer(2089858483,0ecaa5967403d082aa24f35e1b516d23)
Start importing Assets/Sprites/Emojis/8.png using Guid(3007b5f2906c0b142bd744601ac085e0) Importer(2089858483,0ecaa5967403d082aa24f35e1b516d23) Generated GUIDs only implemented for interfaces!
 -> (artifact id: 'f02984e0ef579320cfbc2726ce9f1312') in 0.067072 seconds
Number of updated asset objects reloaded before import = 0
Number of asset objects unloaded after import = 3
========================================================================
Received Import Request.
  Time since last request: 0.000022 seconds.
  path: Assets/TextMesh Pro/Fonts/LiberationSans.ttf
  artifactKey: Guid(e3265ab4bf004d28a9537516768c1c75) Importer(2089858483,0ecaa5967403d082aa24f35e1b516d23)
Start importing Assets/TextMesh Pro/Fonts/LiberationSans.ttf using Guid(e3265ab4bf004d28a9537516768c1c75) Importer(2089858483,0ecaa5967403d082aa24f35e1b516d23) Generated GUIDs only implemented for interfaces!
 -> (artifact id: 'b11e44b4fbfa8aafa635bd5e71c62efb') in 0.048761 seconds
Number of updated asset objects reloaded before import = 0
Number of asset objects unloaded after import = 3
========================================================================
Received Import Request.
  Time since last request: 0.000027 seconds.
  path: Assets/PathCreator/Examples/Scenes/Road.unity
  artifactKey: Guid(8f020cfa1fb7ded47926b050b82adbe6) Importer(2089858483,0ecaa5967403d082aa24f35e1b516d23)
Start importing Assets/PathCreator/Examples/Scenes/Road.unity using Guid(8f020cfa1fb7ded47926b050b82adbe6) Importer(2089858483,0ecaa5967403d082aa24f35e1b516d23) Generated GUIDs only implemented for interfaces!
 -> (artifact id: 'e48db4969294e94f03ee58e0ef9ccb9a') in 0.031089 seconds
Number of updated asset objects reloaded before import = 0
Number of asset objects unloaded after import = 1
========================================================================
Received Import Request.
  Time since last request: 0.000770 seconds.
  path: Assets/TextMesh Pro/Shaders/TMPro_Properties.cginc
  artifactKey: Guid(3997e2241185407d80309a82f9148466) Importer(2089858483,0ecaa5967403d082aa24f35e1b516d23)
Start importing Assets/TextMesh Pro/Shaders/TMPro_Properties.cginc using Guid(3997e2241185407d80309a82f9148466) Importer(2089858483,0ecaa5967403d082aa24f35e1b516d23) Generated GUIDs only implemented for interfaces!
 -> (artifact id: '7181d385097c4a4947bb13ca67551897') in 0.024449 seconds
Number of updated asset objects reloaded before import = 0
Number of asset objects unloaded after import = 1
========================================================================
Received Import Request.
  Time since last request: 0.000018 seconds.
  path: Assets/Models/Food/Texture/Hambuger.png
  artifactKey: Guid(35c379fda16163f4eb60fc1846f582e4) Importer(2089858483,0ecaa5967403d082aa24f35e1b516d23)
Start importing Assets/Models/Food/Texture/Hambuger.png using Guid(35c379fda16163f4eb60fc1846f582e4) Importer(2089858483,0ecaa5967403d082aa24f35e1b516d23) Generated GUIDs only implemented for interfaces!
 -> (artifact id: '4af2be3ea98dd9a68b44a049b8b1c889') in 0.059904 seconds
Number of updated asset objects reloaded before import = 0
Number of asset objects unloaded after import = 1
========================================================================
Received Import Request.
  Time since last request: 0.000033 seconds.
  path: Assets/PathCreator/Examples/Prefabs/Cube.prefab
  artifactKey: Guid(f19b52bc2573b4e508c60232d5ba4c53) Importer(2089858483,0ecaa5967403d082aa24f35e1b516d23)
Start importing Assets/PathCreator/Examples/Prefabs/Cube.prefab using Guid(f19b52bc2573b4e508c60232d5ba4c53) Importer(2089858483,0ecaa5967403d082aa24f35e1b516d23) Generated GUIDs only implemented for interfaces!
 -> (artifact id: '13b3709cb2485264ecb4f22a958ea70d') in 0.025677 seconds
Number of updated asset objects reloaded before import = 0
Number of asset objects unloaded after import = 6
========================================================================
Received Import Request.
  Time since last request: 0.000021 seconds.
  path: Assets/PathCreator/Examples/Materials/Black.mat
  artifactKey: Guid(69561553b86bde34da494d1ffed3ba45) Importer(2089858483,0ecaa5967403d082aa24f35e1b516d23)
Start importing Assets/PathCreator/Examples/Materials/Black.mat using Guid(69561553b86bde34da494d1ffed3ba45) Importer(2089858483,0ecaa5967403d082aa24f35e1b516d23) Generated GUIDs only implemented for interfaces!
 -> (artifact id: 'bcffe66d6c0cc3ab64c17374becde77f') in 0.028395 seconds
Number of updated asset objects reloaded before import = 0
Number of asset objects unloaded after import = 1
========================================================================
Received Import Request.
  Time since last request: 0.000022 seconds.
  path: Assets/PathCreator/Examples/Prefabs/Path.prefab
  artifactKey: Guid(2791553a612d84e7c9f3c0a95308376f) Importer(2089858483,0ecaa5967403d082aa24f35e1b516d23)
Start importing Assets/PathCreator/Examples/Prefabs/Path.prefab using Guid(2791553a612d84e7c9f3c0a95308376f) Importer(2089858483,0ecaa5967403d082aa24f35e1b516d23) Generated GUIDs only implemented for interfaces!
 -> (artifact id: '3f5275a72ff97da4ea0d333a1d80d74b') in 0.030497 seconds
Number of updated asset objects reloaded before import = 0
Number of asset objects unloaded after import = 5
========================================================================
Received Import Request.
  Time since last request: 0.012947 seconds.
  path: Assets/PlayerPrefsEditor/Editor/PreferencesEditor/PreferencesEditorWindow.cs
  artifactKey: Guid(13c94fa190e7e6f4690cadc347a312aa) Importer(2089858483,0ecaa5967403d082aa24f35e1b516d23)
Start importing Assets/PlayerPrefsEditor/Editor/PreferencesEditor/PreferencesEditorWindow.cs using Guid(13c94fa190e7e6f4690cadc347a312aa) Importer(2089858483,0ecaa5967403d082aa24f35e1b516d23) Generated GUIDs only implemented for interfaces!
 -> (artifact id: 'de275fdedde875d0cfa4cfd0505585de') in 0.024820 seconds
Number of updated asset objects reloaded before import = 0
Number of asset objects unloaded after import = 1
========================================================================
Received Import Request.
  Time since last request: 0.000019 seconds.
  path: Assets/Prefabs/Trap/Animated/Spikey Overhead Trap-2.prefab
  artifactKey: Guid(4547c84b7faa45443803348f6f9710d8) Importer(2089858483,0ecaa5967403d082aa24f35e1b516d23)
Start importing Assets/Prefabs/Trap/Animated/Spikey Overhead Trap-2.prefab using Guid(4547c84b7faa45443803348f6f9710d8) Importer(2089858483,0ecaa5967403d082aa24f35e1b516d23) Generated GUIDs only implemented for interfaces!
 -> (artifact id: 'b70ccc03d8d095b82da45656812cf3bf') in 0.035188 seconds
Number of updated asset objects reloaded before import = 0
Number of asset objects unloaded after import = 29
========================================================================
Received Import Request.
  Time since last request: 0.000019 seconds.
  path: Assets/Prefabs/Trap/Animated/Spinning Sticks With Spikes(Vertical).prefab
  artifactKey: Guid(d3c9c73f6fdc4cc4ebb78eed0f70d971) Importer(2089858483,0ecaa5967403d082aa24f35e1b516d23)
Start importing Assets/Prefabs/Trap/Animated/Spinning Sticks With Spikes(Vertical).prefab using Guid(d3c9c73f6fdc4cc4ebb78eed0f70d971) Importer(2089858483,0ecaa5967403d082aa24f35e1b516d23) Generated GUIDs only implemented for interfaces!
 -> (artifact id: '75e546b0aafd37e41271c49e5c4ce654') in 0.032095 seconds
Number of updated asset objects reloaded before import = 0
Number of asset objects unloaded after import = 29
========================================================================
Received Import Request.
  Time since last request: 0.000018 seconds.
  path: Assets/Sprites/Sprites by Menu/Buttons-assets/Green Button Skip.png
  artifactKey: Guid(cfb9cd1ea51e24a489ee03834137d8d7) Importer(2089858483,0ecaa5967403d082aa24f35e1b516d23)
Start importing Assets/Sprites/Sprites by Menu/Buttons-assets/Green Button Skip.png using Guid(cfb9cd1ea51e24a489ee03834137d8d7) Importer(2089858483,0ecaa5967403d082aa24f35e1b516d23) Generated GUIDs only implemented for interfaces!
 -> (artifact id: 'a187241d85c648cc6da3578bf2212a38') in 0.062705 seconds
Number of updated asset objects reloaded before import = 0
Number of asset objects unloaded after import = 3
========================================================================
Received Import Request.
  Time since last request: 0.000022 seconds.
  path: Assets/Sprites/Sprites by Menu/Buttons-assets/Pub Green Button Open.png
  artifactKey: Guid(6596c218b0ea30b42a787f9cf64fb834) Importer(2089858483,0ecaa5967403d082aa24f35e1b516d23)
Start importing Assets/Sprites/Sprites by Menu/Buttons-assets/Pub Green Button Open.png using Guid(6596c218b0ea30b42a787f9cf64fb834) Importer(2089858483,0ecaa5967403d082aa24f35e1b516d23) Generated GUIDs only implemented for interfaces!
 -> (artifact id: '985a7a4140d93d9ce0f2d9b4fe446f7d') in 0.071106 seconds
Number of updated asset objects reloaded before import = 0
Number of asset objects unloaded after import = 3
========================================================================
Received Import Request.
  Time since last request: 0.000031 seconds.
  path: Assets/Sprites/Sprites by Menu/Buttons-assets/Button3.png
  artifactKey: Guid(e72ec2e602f7d464697671797af5b80f) Importer(2089858483,0ecaa5967403d082aa24f35e1b516d23)
Start importing Assets/Sprites/Sprites by Menu/Buttons-assets/Button3.png using Guid(e72ec2e602f7d464697671797af5b80f) Importer(2089858483,0ecaa5967403d082aa24f35e1b516d23) Generated GUIDs only implemented for interfaces!
 -> (artifact id: '96b86185bf1d761f05e25b35321ef8ab') in 0.065994 seconds
Number of updated asset objects reloaded before import = 0
Number of asset objects unloaded after import = 3
========================================================================
Received Import Request.
  Time since last request: 0.000024 seconds.
  path: Assets/Sprites/Sprites by Menu/Buttons-assets/Button6.png
  artifactKey: Guid(dfadf7512b22c7c48a9664b866a29104) Importer(2089858483,0ecaa5967403d082aa24f35e1b516d23)
Start importing Assets/Sprites/Sprites by Menu/Buttons-assets/Button6.png using Guid(dfadf7512b22c7c48a9664b866a29104) Importer(2089858483,0ecaa5967403d082aa24f35e1b516d23) Generated GUIDs only implemented for interfaces!
 -> (artifact id: '585515534f533a52d7124dc0719a4002') in 0.101065 seconds
Number of updated asset objects reloaded before import = 0
Number of asset objects unloaded after import = 3
========================================================================
Received Import Request.
  Time since last request: 0.000027 seconds.
  path: Assets/Sprites/Sprites by Menu/Background/Background 3.png
  artifactKey: Guid(8a735488b97ee454bb389af2d6e0c641) Importer(2089858483,0ecaa5967403d082aa24f35e1b516d23)
Start importing Assets/Sprites/Sprites by Menu/Background/Background 3.png using Guid(8a735488b97ee454bb389af2d6e0c641) Importer(2089858483,0ecaa5967403d082aa24f35e1b516d23) Generated GUIDs only implemented for interfaces!
 -> (artifact id: '9fc372d7ad76de285696d57296a76a05') in 0.071485 seconds
Number of updated asset objects reloaded before import = 0
Number of asset objects unloaded after import = 3
========================================================================
Received Import Request.
  Time since last request: 0.000056 seconds.
  path: Assets/Sprites/Sprites by Menu/Buttons-assets/Purple Button Next.png
  artifactKey: Guid(46da6b1f5e1c21047bcc7c041fd0ce65) Importer(2089858483,0ecaa5967403d082aa24f35e1b516d23)
Start importing Assets/Sprites/Sprites by Menu/Buttons-assets/Purple Button Next.png using Guid(46da6b1f5e1c21047bcc7c041fd0ce65) Importer(2089858483,0ecaa5967403d082aa24f35e1b516d23) Generated GUIDs only implemented for interfaces!
 -> (artifact id: '85a389025a38babf7405dad12e0440d2') in 0.074670 seconds
Number of updated asset objects reloaded before import = 0
Number of asset objects unloaded after import = 3
========================================================================
Received Import Request.
  Time since last request: 0.000018 seconds.
  path: Assets/Sprites/Sprites by Menu/Buttons-assets/Yellow Button Open.png
  artifactKey: Guid(6df6c0176118520489ba8e4845cb6c5f) Importer(2089858483,0ecaa5967403d082aa24f35e1b516d23)
Start importing Assets/Sprites/Sprites by Menu/Buttons-assets/Yellow Button Open.png using Guid(6df6c0176118520489ba8e4845cb6c5f) Importer(2089858483,0ecaa5967403d082aa24f35e1b516d23) Generated GUIDs only implemented for interfaces!
 -> (artifact id: '4d29c8b8c8e2b41d30b93f81b958dd98') in 0.064346 seconds
Number of updated asset objects reloaded before import = 0
Number of asset objects unloaded after import = 3
========================================================================
Received Import Request.
  Time since last request: 0.000032 seconds.
  path: Assets/Sprites/Sprites by Menu/Home-assets/Case Title Background CustomizeoRANGE.png
  artifactKey: Guid(ca31ca637d69e1845b2edbc582bb813e) Importer(2089858483,0ecaa5967403d082aa24f35e1b516d23)
Start importing Assets/Sprites/Sprites by Menu/Home-assets/Case Title Background CustomizeoRANGE.png using Guid(ca31ca637d69e1845b2edbc582bb813e) Importer(2089858483,0ecaa5967403d082aa24f35e1b516d23) Generated GUIDs only implemented for interfaces!
 -> (artifact id: '11d459b075674bdca2561dc453c90ce6') in 0.056533 seconds
Number of updated asset objects reloaded before import = 0
Number of asset objects unloaded after import = 3
========================================================================
Received Import Request.
  Time since last request: 0.000027 seconds.
  path: Assets/Sprites/Sprites by Menu/Home-assets/Green Square.png
  artifactKey: Guid(22987856ff4fd444485d1a38a944ee81) Importer(2089858483,0ecaa5967403d082aa24f35e1b516d23)
Start importing Assets/Sprites/Sprites by Menu/Home-assets/Green Square.png using Guid(22987856ff4fd444485d1a38a944ee81) Importer(2089858483,0ecaa5967403d082aa24f35e1b516d23) Generated GUIDs only implemented for interfaces!
 -> (artifact id: '763d168193f3eed61d289c799348f9ac') in 0.055170 seconds
Number of updated asset objects reloaded before import = 0
Number of asset objects unloaded after import = 3
========================================================================
Received Import Request.
  Time since last request: 0.000029 seconds.
  path: Assets/Sprites/Sprites by Menu/Buttons-assets/Yellow Button Go.png
  artifactKey: Guid(d213a77f9e8b60b4ebc6027fe2e527a2) Importer(2089858483,0ecaa5967403d082aa24f35e1b516d23)
Start importing Assets/Sprites/Sprites by Menu/Buttons-assets/Yellow Button Go.png using Guid(d213a77f9e8b60b4ebc6027fe2e527a2) Importer(2089858483,0ecaa5967403d082aa24f35e1b516d23) Generated GUIDs only implemented for interfaces!
 -> (artifact id: '2b3751d7a0d849e7be0f2e13ec0d94d1') in 0.060984 seconds
Number of updated asset objects reloaded before import = 0
Number of asset objects unloaded after import = 3
========================================================================
Received Import Request.
  Time since last request: 0.000020 seconds.
  path: Assets/Sprites/Sprites by Menu/Home-assets/Pop up Green.png
  artifactKey: Guid(7b3e0c409bfb1fb4098a4f12990d3c0a) Importer(2089858483,0ecaa5967403d082aa24f35e1b516d23)
Start importing Assets/Sprites/Sprites by Menu/Home-assets/Pop up Green.png using Guid(7b3e0c409bfb1fb4098a4f12990d3c0a) Importer(2089858483,0ecaa5967403d082aa24f35e1b516d23) Generated GUIDs only implemented for interfaces!
 -> (artifact id: '75dd63d47b4ed29ed637e8524737b21c') in 0.060206 seconds
Number of updated asset objects reloaded before import = 0
Number of asset objects unloaded after import = 3
========================================================================
Received Import Request.
  Time since last request: 0.000021 seconds.
  path: Assets/Sprites/Sprites by Menu/Buttons-assets/Purple Button Skip.png
  artifactKey: Guid(d03f32085b9c61a4f9811d0542237ef9) Importer(2089858483,0ecaa5967403d082aa24f35e1b516d23)
Start importing Assets/Sprites/Sprites by Menu/Buttons-assets/Purple Button Skip.png using Guid(d03f32085b9c61a4f9811d0542237ef9) Importer(2089858483,0ecaa5967403d082aa24f35e1b516d23) Generated GUIDs only implemented for interfaces!
 -> (artifact id: '6efdfb68f1270dd2686bb2aa6e99b486') in 0.055359 seconds
Number of updated asset objects reloaded before import = 0
Number of asset objects unloaded after import = 3
========================================================================
Received Import Request.
  Time since last request: 0.000017 seconds.
  path: Assets/Prefabs/Trap/Animated/Obstacle.prefab
  artifactKey: Guid(fa96478dac555674d8b016b2fa71a256) Importer(2089858483,0ecaa5967403d082aa24f35e1b516d23)
Start importing Assets/Prefabs/Trap/Animated/Obstacle.prefab using Guid(fa96478dac555674d8b016b2fa71a256) Importer(2089858483,0ecaa5967403d082aa24f35e1b516d23) Generated GUIDs only implemented for interfaces!
 -> (artifact id: 'c1c838816cd14d0438d7ebd1b441245f') in 0.022687 seconds
Number of updated asset objects reloaded before import = 0
Number of asset objects unloaded after import = 13
========================================================================
Received Import Request.
  Time since last request: 0.000024 seconds.
  path: Assets/Sprites/Sprites by Menu/Buttons-assets/Blue Button Continue.png
  artifactKey: Guid(29ab6600aec9a684da67a252c7cdf49e) Importer(2089858483,0ecaa5967403d082aa24f35e1b516d23)
Start importing Assets/Sprites/Sprites by Menu/Buttons-assets/Blue Button Continue.png using Guid(29ab6600aec9a684da67a252c7cdf49e) Importer(2089858483,0ecaa5967403d082aa24f35e1b516d23) Generated GUIDs only implemented for interfaces!
 -> (artifact id: '1dc9702e5ebed7c74d24766018220d5a') in 0.069811 seconds
Number of updated asset objects reloaded before import = 0
Number of asset objects unloaded after import = 3
========================================================================
Received Import Request.
  Time since last request: 0.000044 seconds.
  path: Assets/Sprites/Sprites by Menu/In Game-assets/Bar Progress in game Blue.png
  artifactKey: Guid(ace5992fc3582824ab5f1269f1f2ec91) Importer(2089858483,0ecaa5967403d082aa24f35e1b516d23)
Start importing Assets/Sprites/Sprites by Menu/In Game-assets/Bar Progress in game Blue.png using Guid(ace5992fc3582824ab5f1269f1f2ec91) Importer(2089858483,0ecaa5967403d082aa24f35e1b516d23) Generated GUIDs only implemented for interfaces!
 -> (artifact id: '546d2ad6245cb6e33caf3a8d68f1623e') in 0.060242 seconds
Number of updated asset objects reloaded before import = 0
Number of asset objects unloaded after import = 3
========================================================================
Received Import Request.
  Time since last request: 0.000020 seconds.
  path: Assets/Sprites/Sprites by Menu/In Game-assets/Bar Progress in game Purple.png
  artifactKey: Guid(b861f27842d0d4c4080c77e44b0fa87c) Importer(2089858483,0ecaa5967403d082aa24f35e1b516d23)
Start importing Assets/Sprites/Sprites by Menu/In Game-assets/Bar Progress in game Purple.png using Guid(b861f27842d0d4c4080c77e44b0fa87c) Importer(2089858483,0ecaa5967403d082aa24f35e1b516d23) Generated GUIDs only implemented for interfaces!
 -> (artifact id: '89c7c732bdc34250b5ed887c5f755db5') in 0.049959 seconds
Number of updated asset objects reloaded before import = 0
Number of asset objects unloaded after import = 3
========================================================================
Received Import Request.
  Time since last request: 0.000021 seconds.
  path: Assets/Sprites/Sprites by Menu/In Game-assets/Radial Shine White.png
  artifactKey: Guid(bc4a9b76001c6354282d9d66cfc3a62b) Importer(2089858483,0ecaa5967403d082aa24f35e1b516d23)
Start importing Assets/Sprites/Sprites by Menu/In Game-assets/Radial Shine White.png using Guid(bc4a9b76001c6354282d9d66cfc3a62b) Importer(2089858483,0ecaa5967403d082aa24f35e1b516d23) Generated GUIDs only implemented for interfaces!
 -> (artifact id: 'b477081ce2be6db65cc0002213f2086e') in 0.055564 seconds
Number of updated asset objects reloaded before import = 0
Number of asset objects unloaded after import = 3
========================================================================
Received Import Request.
  Time since last request: 0.000022 seconds.
  path: Assets/Sprites/Sprites by Menu/In Game-assets/Bar Progress in game yellow.png
  artifactKey: Guid(2a591e97a6c9a0340859eb3843a3ad1c) Importer(2089858483,0ecaa5967403d082aa24f35e1b516d23)
Start importing Assets/Sprites/Sprites by Menu/In Game-assets/Bar Progress in game yellow.png using Guid(2a591e97a6c9a0340859eb3843a3ad1c) Importer(2089858483,0ecaa5967403d082aa24f35e1b516d23) Generated GUIDs only implemented for interfaces!
 -> (artifact id: '5b2cd0429ceec5199f6400388141e914') in 0.058524 seconds
Number of updated asset objects reloaded before import = 0
Number of asset objects unloaded after import = 3
========================================================================
Received Import Request.
  Time since last request: 0.000037 seconds.
  path: Assets/Sprites/Sprites by Menu/In Game-assets/Outline.png
  artifactKey: Guid(9e6679b2630bf1a498793d66ef2aefde) Importer(2089858483,0ecaa5967403d082aa24f35e1b516d23)
Start importing Assets/Sprites/Sprites by Menu/In Game-assets/Outline.png using Guid(9e6679b2630bf1a498793d66ef2aefde) Importer(2089858483,0ecaa5967403d082aa24f35e1b516d23) Generated GUIDs only implemented for interfaces!
 -> (artifact id: '17b8c368bf01606e5dd88853454171b5') in 0.091308 seconds
Number of updated asset objects reloaded before import = 0
Number of asset objects unloaded after import = 3
========================================================================
Received Import Request.
  Time since last request: 0.000056 seconds.
  path: Assets/TextMesh Pro/Resources/Style Sheets/Default Style Sheet.asset
  artifactKey: Guid(f952c082cb03451daed3ee968ac6c63e) Importer(2089858483,0ecaa5967403d082aa24f35e1b516d23)
Start importing Assets/TextMesh Pro/Resources/Style Sheets/Default Style Sheet.asset using Guid(f952c082cb03451daed3ee968ac6c63e) Importer(2089858483,0ecaa5967403d082aa24f35e1b516d23) Generated GUIDs only implemented for interfaces!
 -> (artifact id: '5123362e147917307026d483752eb47c') in 0.064930 seconds
Number of updated asset objects reloaded before import = 0
Number of asset objects unloaded after import = 1
========================================================================
Received Import Request.
  Time since last request: 0.000029 seconds.
  path: Assets/Sprites/Sprites by Menu/In Game-assets/Green Elipse.png
  artifactKey: Guid(a6d082e7c57cfd64c9c719b11a38a38e) Importer(2089858483,0ecaa5967403d082aa24f35e1b516d23)
Start importing Assets/Sprites/Sprites by Menu/In Game-assets/Green Elipse.png using Guid(a6d082e7c57cfd64c9c719b11a38a38e) Importer(2089858483,0ecaa5967403d082aa24f35e1b516d23) Generated GUIDs only implemented for interfaces!
 -> (artifact id: 'c74e0a41ba5a5a90775a571d0c215d66') in 0.119642 seconds
Number of updated asset objects reloaded before import = 0
Number of asset objects unloaded after import = 3
========================================================================
Received Import Request.
  Time since last request: 0.000032 seconds.
  path: Assets/GoogleMobileAds/Editor/Resources/PlaceholderAds/Banners/ADAPTIVE.prefab
  artifactKey: Guid(b2a3ea2f1837847d9981501e0eeca085) Importer(2089858483,0ecaa5967403d082aa24f35e1b516d23)
Start importing Assets/GoogleMobileAds/Editor/Resources/PlaceholderAds/Banners/ADAPTIVE.prefab using Guid(b2a3ea2f1837847d9981501e0eeca085) Importer(2089858483,0ecaa5967403d082aa24f35e1b516d23) Generated GUIDs only implemented for interfaces!
 -> (artifact id: 'd9596fba38a85a510d467ea9ab3b8427') in 0.100231 seconds
Number of updated asset objects reloaded before import = 0
Number of asset objects unloaded after import = 16
========================================================================
Received Import Request.
  Time since last request: 0.000040 seconds.
  path: Assets/GoogleMobileAds/Editor/Resources/PlaceholderAds/AdImages/300x250.png
  artifactKey: Guid(898f886a39d714db5b90d2c36676c894) Importer(2089858483,0ecaa5967403d082aa24f35e1b516d23)
Start importing Assets/GoogleMobileAds/Editor/Resources/PlaceholderAds/AdImages/300x250.png using Guid(898f886a39d714db5b90d2c36676c894) Importer(2089858483,0ecaa5967403d082aa24f35e1b516d23) Generated GUIDs only implemented for interfaces!
 -> (artifact id: '8251998cbf39d54d44dde4b6c82d475c') in 0.084500 seconds
Number of updated asset objects reloaded before import = 0
Number of asset objects unloaded after import = 3
========================================================================
Received Import Request.
  Time since last request: 0.000078 seconds.
  path: Assets/VFX/Particle/Trap/Materials/Fire-Soft-Blank.png
  artifactKey: Guid(2d5c900a7c1149741ad20c3e3721bb72) Importer(2089858483,0ecaa5967403d082aa24f35e1b516d23)
Start importing Assets/VFX/Particle/Trap/Materials/Fire-Soft-Blank.png using Guid(2d5c900a7c1149741ad20c3e3721bb72) Importer(2089858483,0ecaa5967403d082aa24f35e1b516d23) Generated GUIDs only implemented for interfaces!
 -> (artifact id: '89c3256ed2e312e44c86a8364f32e8cc') in 0.110360 seconds
Number of updated asset objects reloaded before import = 0
Number of asset objects unloaded after import = 1
========================================================================
Received Import Request.
  Time since last request: 0.000106 seconds.
  path: Assets/GoogleMobileAds/Editor/Resources/PlaceholderAds/AdImages/480x320.png
  artifactKey: Guid(d30303c99ba3f4b9b9924da34e6d742d) Importer(2089858483,0ecaa5967403d082aa24f35e1b516d23)
Start importing Assets/GoogleMobileAds/Editor/Resources/PlaceholderAds/AdImages/480x320.png using Guid(d30303c99ba3f4b9b9924da34e6d742d) Importer(2089858483,0ecaa5967403d082aa24f35e1b516d23) Generated GUIDs only implemented for interfaces!
 -> (artifact id: '3e58bb2384dfbdfba706d968eb40334a') in 0.124231 seconds
Number of updated asset objects reloaded before import = 0
Number of asset objects unloaded after import = 3
========================================================================
Received Import Request.
  Time since last request: 0.000027 seconds.
  path: Assets/Sprites/Sprites by Menu/In Game-assets/Background Progress Bar in game.png
  artifactKey: Guid(14fd9249986b34241bebb3d0d43db530) Importer(2089858483,0ecaa5967403d082aa24f35e1b516d23)
Start importing Assets/Sprites/Sprites by Menu/In Game-assets/Background Progress Bar in game.png using Guid(14fd9249986b34241bebb3d0d43db530) Importer(2089858483,0ecaa5967403d082aa24f35e1b516d23) Generated GUIDs only implemented for interfaces!
 -> (artifact id: 'de7ffb7d1158eac714c27a09d7ca4cfd') in 0.124342 seconds
Number of updated asset objects reloaded before import = 0
Number of asset objects unloaded after import = 3
========================================================================
Received Import Request.
  Time since last request: 0.000072 seconds.
  path: Assets/VFX/Particle/Trap/Materials/FlameThrower2x2.mat
  artifactKey: Guid(9991708de0e9fac438dc04d0161723ec) Importer(2089858483,0ecaa5967403d082aa24f35e1b516d23)
Start importing Assets/VFX/Particle/Trap/Materials/FlameThrower2x2.mat using Guid(9991708de0e9fac438dc04d0161723ec) Importer(2089858483,0ecaa5967403d082aa24f35e1b516d23) Generated GUIDs only implemented for interfaces!
 -> (artifact id: 'ff0889fed435e865424161ba55a90e1b') in 0.141318 seconds
Number of updated asset objects reloaded before import = 0
Number of asset objects unloaded after import = 2
Editor requested this worker to shutdown with reason: balancing worker count downwards
TcpMessagingSession - receive error: operation aborted. errorcode: 995, details: The I/O operation has been aborted because of either a thread exit or an application request.
AssetImportWorker is now disconnected from the server
Process exiting
Exiting without the bug reporter. Application will terminate with return code 0