Using pre-set license
Built from '2022.3/staging' branch; Version is '2022.3.1f1 (f18e0c1b5784) revision 15830540'; Using compiler version '192829333'; Build Type 'Release'
OS: 'Windows 11  (10.0.22631) 64bit Professional' Language: 'en' Physical Memory: 16251 MB
BatchMode: 1, IsHumanControllingUs: 0, StartBugReporterOnCrash: 0, Is64bit: 1, IsPro: 1

COMMAND LINE ARGUMENTS:
C:\Program Files\Unity 2022.3.1f1\Editor\Unity.exe
-adb2
-batchMode
-noUpm
-name
AssetImportWorker4
-projectPath
E:/UnityGames/HyperCasual/Hyper-Casual-Runner
-logFile
Logs/AssetImportWorker4.log
-srvPort
50723
Successfully changed project path to: E:/UnityGames/HyperCasual/Hyper-Casual-Runner
E:/UnityGames/HyperCasual/Hyper-Casual-Runner
[UnityMemory] Configuration Parameters - Can be set up in boot.config
    "memorysetup-bucket-allocator-granularity=16"
    "memorysetup-bucket-allocator-bucket-count=8"
    "memorysetup-bucket-allocator-block-size=33554432"
    "memorysetup-bucket-allocator-block-count=8"
    "memorysetup-main-allocator-block-size=16777216"
    "memorysetup-thread-allocator-block-size=16777216"
    "memorysetup-gfx-main-allocator-block-size=16777216"
    "memorysetup-gfx-thread-allocator-block-size=16777216"
    "memorysetup-cache-allocator-block-size=4194304"
    "memorysetup-typetree-allocator-block-size=2097152"
    "memorysetup-profiler-bucket-allocator-granularity=16"
    "memorysetup-profiler-bucket-allocator-bucket-count=8"
    "memorysetup-profiler-bucket-allocator-block-size=33554432"
    "memorysetup-profiler-bucket-allocator-block-count=8"
    "memorysetup-profiler-allocator-block-size=16777216"
    "memorysetup-profiler-editor-allocator-block-size=1048576"
    "memorysetup-temp-allocator-size-main=16777216"
    "memorysetup-job-temp-allocator-block-size=2097152"
    "memorysetup-job-temp-allocator-block-size-background=1048576"
    "memorysetup-job-temp-allocator-reduction-small-platforms=262144"
    "memorysetup-allocator-temp-initial-block-size-main=262144"
    "memorysetup-allocator-temp-initial-block-size-worker=262144"
    "memorysetup-temp-allocator-size-background-worker=32768"
    "memorysetup-temp-allocator-size-job-worker=262144"
    "memorysetup-temp-allocator-size-preload-manager=33554432"
    "memorysetup-temp-allocator-size-nav-mesh-worker=65536"
    "memorysetup-temp-allocator-size-audio-worker=65536"
    "memorysetup-temp-allocator-size-cloud-worker=32768"
    "memorysetup-temp-allocator-size-gi-baking-worker=262144"
    "memorysetup-temp-allocator-size-gfx=262144"
Player connection [1860] Host "[IP] 172.26.0.1 [Port] 0 [Flags] 2 [Guid] 3031136242 [EditorId] 3031136242 [Version] 1048832 [Id] WindowsEditor(7,Legion5) [Debug] 1 [PackageName] WindowsEditor [ProjectName] Editor" joined multi-casting on [225.0.0.222:54997]...

Player connection [1860] Host "[IP] 172.26.0.1 [Port] 0 [Flags] 2 [Guid] 3031136242 [EditorId] 3031136242 [Version] 1048832 [Id] WindowsEditor(7,Legion5) [Debug] 1 [PackageName] WindowsEditor [ProjectName] Editor" joined alternative multi-casting on [225.0.0.222:34997]...

Refreshing native plugins compatible for Editor in 25.08 ms, found 4 plugins.
Preloading 0 native plugins for Editor in 0.00 ms.
Initialize engine version: 2022.3.1f1 (f18e0c1b5784)
[Subsystems] Discovering subsystems at path C:/Program Files/Unity 2022.3.1f1/Editor/Data/Resources/UnitySubsystems
[Subsystems] Discovering subsystems at path E:/UnityGames/HyperCasual/Hyper-Casual-Runner/Assets
GfxDevice: creating device client; threaded=0; jobified=0
Direct3D:
    Version:  Direct3D 11.0 [level 11.1]
    Renderer: NVIDIA GeForce RTX 2060 (ID=0x1f15)
    Vendor:   NVIDIA
    VRAM:     5969 MB
    Driver:   31.0.15.4617
Initialize mono
Mono path[0] = 'C:/Program Files/Unity 2022.3.1f1/Editor/Data/Managed'
Mono path[1] = 'C:/Program Files/Unity 2022.3.1f1/Editor/Data/MonoBleedingEdge/lib/mono/unityjit-win32'
Mono config path = 'C:/Program Files/Unity 2022.3.1f1/Editor/Data/MonoBleedingEdge/etc'
Using monoOptions --debugger-agent=transport=dt_socket,embedding=1,server=y,suspend=n,address=127.0.0.1:56556
Begin MonoManager ReloadAssembly
Registering precompiled unity dll's ...
Register platform support module: C:/Program Files/Unity 2022.3.1f1/Editor/Data/PlaybackEngines/WebGLSupport/UnityEditor.WebGL.Extensions.dll
Register platform support module: C:/Program Files/Unity 2022.3.1f1/Editor/Data/PlaybackEngines/WindowsStandaloneSupport/UnityEditor.WindowsStandalone.Extensions.dll
Registered in 0.015301 seconds.
- Loaded All Assemblies, in  0.622 seconds
Native extension for WindowsStandalone target not found
Native extension for WebGL target not found
Mono: successfully reloaded assembly
- Finished resetting the current domain, in  0.461 seconds
Domain Reload Profiling: 1079ms
	BeginReloadAssembly (164ms)
		ExecutionOrderSort (0ms)
		DisableScriptedObjects (0ms)
		BackupInstance (0ms)
		ReleaseScriptingObjects (0ms)
		CreateAndSetChildDomain (1ms)
	RebuildCommonClasses (64ms)
	RebuildNativeTypeToScriptingClass (21ms)
	initialDomainReloadingComplete (106ms)
	LoadAllAssembliesAndSetupDomain (262ms)
		LoadAssemblies (159ms)
		RebuildTransferFunctionScriptingTraits (0ms)
		AnalyzeDomain (250ms)
			TypeCache.Refresh (249ms)
				TypeCache.ScanAssembly (228ms)
			ScanForSourceGeneratedMonoScriptInfo (1ms)
			ResolveRequiredComponents (1ms)
	FinalizeReload (462ms)
		ReleaseScriptCaches (0ms)
		RebuildScriptCaches (0ms)
		SetupLoadedEditorAssemblies (355ms)
			LogAssemblyErrors (0ms)
			InitializePlatformSupportModulesInManaged (17ms)
			SetLoadedEditorAssemblies (9ms)
			RefreshPlugins (0ms)
			BeforeProcessingInitializeOnLoad (4ms)
			ProcessInitializeOnLoadAttributes (236ms)
			ProcessInitializeOnLoadMethodAttributes (88ms)
			AfterProcessingInitializeOnLoad (0ms)
			EditorAssembliesLoaded (0ms)
		ExecutionOrderSort2 (0ms)
		AwakeInstancesAfterBackupRestoration (0ms)
========================================================================
Worker process is ready to serve import requests
Begin MonoManager ReloadAssembly
Symbol file LoadedFromMemory doesn't match image E:\UnityGames\HyperCasual\Hyper-Casual-Runner\Library\PackageCache\com.unity.visualscripting@1.8.0\Editor\VisualScripting.Core\Dependencies\YamlDotNet\Unity.VisualScripting.YamlDotNet.dll
Symbol file LoadedFromMemory doesn't match image E:\UnityGames\HyperCasual\Hyper-Casual-Runner\Library\PackageCache\com.unity.visualscripting@1.8.0\Editor\VisualScripting.Core\Dependencies\DotNetZip\Unity.VisualScripting.IonicZip.dll
Assembly 'Assets/ExternalDependencyManager/Editor/1.2.176/Google.IOSResolver.dll' will not be loaded due to errors:
Unable to resolve reference 'UnityEditor.iOS.Extensions.Xcode'. Is the assembly missing or incompatible with the current platform?
Reference validation can be disabled in the Plugin Inspector.
- Loaded All Assemblies, in  3.471 seconds
Refreshing native plugins compatible for Editor in 20.27 ms, found 4 plugins.
Native extension for WindowsStandalone target not found
Native extension for WebGL target not found
Mono: successfully reloaded assembly
- Finished resetting the current domain, in  1.817 seconds
Domain Reload Profiling: 5283ms
	BeginReloadAssembly (541ms)
		ExecutionOrderSort (0ms)
		DisableScriptedObjects (10ms)
		BackupInstance (0ms)
		ReleaseScriptingObjects (0ms)
		CreateAndSetChildDomain (105ms)
	RebuildCommonClasses (77ms)
	RebuildNativeTypeToScriptingClass (28ms)
	initialDomainReloadingComplete (150ms)
	LoadAllAssembliesAndSetupDomain (2671ms)
		LoadAssemblies (1539ms)
		RebuildTransferFunctionScriptingTraits (0ms)
		AnalyzeDomain (1314ms)
			TypeCache.Refresh (1159ms)
				TypeCache.ScanAssembly (1107ms)
			ScanForSourceGeneratedMonoScriptInfo (123ms)
			ResolveRequiredComponents (32ms)
	FinalizeReload (1817ms)
		ReleaseScriptCaches (0ms)
		RebuildScriptCaches (0ms)
		SetupLoadedEditorAssemblies (1358ms)
			LogAssemblyErrors (0ms)
			InitializePlatformSupportModulesInManaged (29ms)
			SetLoadedEditorAssemblies (10ms)
			RefreshPlugins (0ms)
			BeforeProcessingInitializeOnLoad (296ms)
			ProcessInitializeOnLoadAttributes (831ms)
			ProcessInitializeOnLoadMethodAttributes (172ms)
			AfterProcessingInitializeOnLoad (20ms)
			EditorAssembliesLoaded (0ms)
		ExecutionOrderSort2 (0ms)
		AwakeInstancesAfterBackupRestoration (17ms)
Launched and connected shader compiler UnityShaderCompiler.exe after 0.38 seconds
Refreshing native plugins compatible for Editor in 9.70 ms, found 4 plugins.
Preloading 0 native plugins for Editor in 0.00 ms.
Unloading 6037 Unused Serialized files (Serialized files now loaded: 0)
Unloading 112 unused Assets / (0.8 MB). Loaded Objects now: 6505.
Memory consumption went from 223.9 MB to 223.1 MB.
Total: 54.317600 ms (FindLiveObjects: 0.717600 ms CreateObjectMapping: 1.046300 ms MarkObjects: 50.744500 ms  DeleteObjects: 1.807800 ms)

AssetImportParameters requested are different than current active one (requested -> active):
  custom:container-demuxer-ogg: 62fdf1f143b41e24485cea50d1cbac27 -> 
  custom:video-codec-MediaFoundation-h265: 746d11721c4dcdbdad8f713fa42b33f4 -> 
  custom:video-decoder-ogg-theora: a1e56fd34408186e4bbccfd4996cb3dc -> 
  custom:framework-win-MediaFoundation: 216162199b28c13a410421893ffa2e32 -> 
  custom:container-demuxer-webm: 4f35f7cbe854078d1ac9338744f61a02 -> 
  custom:container-muxer-webm: aa71ff27fc2769a1b78a27578f13a17b -> 
  custom:video-decoder-webm-vp8: 9c59270c3fd7afecdb556c50c9e8de78 -> 
  custom:AudioImporter_EditorPlatform: d09bf68614088b80899f8185d706f6e7 -> 
  custom:video-encoder-webm-vp8: eb34c28f22e8b96e1ab97ce403110664 -> 
  custom:audio-decoder-ogg-vorbis: bf7c407c2cedff20999df2af8eb42d56 -> 
  custom:audio-encoder-webm-vorbis: bf7c407c2cedff20999df2af8eb42d56 -> 
========================================================================
Received Import Request.
  Time since last request: 86782.774729 seconds.
  path: Assets/Prefabs/Food/Hambuger.prefab
  artifactKey: Guid(0604e13aff26f454b9cce182d943b857) Importer(2089858483,3d70f49cd1c2eb9ae422958d1c652c6b)
Start importing Assets/Prefabs/Food/Hambuger.prefab using Guid(0604e13aff26f454b9cce182d943b857) Importer(2089858483,3d70f49cd1c2eb9ae422958d1c652c6b) Generated GUIDs only implemented for interfaces!
 -> (artifact id: '8e044b90e23af849cb861786c0f48ed3') in 1.115945 seconds
Number of updated asset objects reloaded before import = 0
Number of asset objects unloaded after import = 8
========================================================================
Received Import Request.
  Time since last request: 0.000062 seconds.
  path: Assets/Prefabs/Trap/Animated/Spikey Overhead Trap-2.prefab
  artifactKey: Guid(4547c84b7faa45443803348f6f9710d8) Importer(2089858483,3d70f49cd1c2eb9ae422958d1c652c6b)
Start importing Assets/Prefabs/Trap/Animated/Spikey Overhead Trap-2.prefab using Guid(4547c84b7faa45443803348f6f9710d8) Importer(2089858483,3d70f49cd1c2eb9ae422958d1c652c6b) Generated GUIDs only implemented for interfaces!
 -> (artifact id: '72577fca0cb7a7345a29586088d4053c') in 0.046221 seconds
Number of updated asset objects reloaded before import = 0
Number of asset objects unloaded after import = 25
========================================================================
Received Import Request.
  Time since last request: 0.000023 seconds.
  path: Assets/GoogleMobileAds/Editor/Resources/PlaceholderAds/AppOpen/1024x768.prefab
  artifactKey: Guid(30454d768d0994255b52eafa89dad8e2) Importer(2089858483,3d70f49cd1c2eb9ae422958d1c652c6b)
Start importing Assets/GoogleMobileAds/Editor/Resources/PlaceholderAds/AppOpen/1024x768.prefab using Guid(30454d768d0994255b52eafa89dad8e2) Importer(2089858483,3d70f49cd1c2eb9ae422958d1c652c6b) Generated GUIDs only implemented for interfaces!
 -> (artifact id: 'a74d132bc2ce121be81d6d50c7980428') in 0.080123 seconds
Number of updated asset objects reloaded before import = 0
Number of asset objects unloaded after import = 26
========================================================================
Received Import Request.
  Time since last request: 0.000026 seconds.
  path: Assets/GoogleMobileAds/Resources/GoogleMobileAdsSettings.asset
  artifactKey: Guid(8540233220007ed40924cde8ad82c3b9) Importer(2089858483,3d70f49cd1c2eb9ae422958d1c652c6b)
Start importing Assets/GoogleMobileAds/Resources/GoogleMobileAdsSettings.asset using Guid(8540233220007ed40924cde8ad82c3b9) Importer(2089858483,3d70f49cd1c2eb9ae422958d1c652c6b) Generated GUIDs only implemented for interfaces!
 -> (artifact id: '217f75bb44c6a493b8a7600bfd2dfca3') in 0.062624 seconds
Number of updated asset objects reloaded before import = 0
Number of asset objects unloaded after import = 0
========================================================================
Received Import Request.
  Time since last request: 0.000026 seconds.
  path: Assets/Sprites/Finger.png
  artifactKey: Guid(23b95d39c9117ae469e23cfb980d7681) Importer(2089858483,0ecaa5967403d082aa24f35e1b516d23)
Start importing Assets/Sprites/Finger.png using Guid(23b95d39c9117ae469e23cfb980d7681) Importer(2089858483,0ecaa5967403d082aa24f35e1b516d23) Generated GUIDs only implemented for interfaces!
 -> (artifact id: '45d1c07fb76519582febf537032dda15') in 0.276550 seconds
Number of updated asset objects reloaded before import = 0
Number of asset objects unloaded after import = 3
========================================================================
Received Import Request.
  Time since last request: 0.000027 seconds.
  path: Assets/Animation/Trap/Obstacle-27.controller
  artifactKey: Guid(4706fc3fce7764b42888a111acda04d1) Importer(2089858483,0ecaa5967403d082aa24f35e1b516d23)
Start importing Assets/Animation/Trap/Obstacle-27.controller using Guid(4706fc3fce7764b42888a111acda04d1) Importer(2089858483,0ecaa5967403d082aa24f35e1b516d23) Generated GUIDs only implemented for interfaces!
 -> (artifact id: '500544e72d50914c3c85b18cfc2f29c7') in 0.058118 seconds
Number of updated asset objects reloaded before import = 0
Number of asset objects unloaded after import = 4
========================================================================
Received Import Request.
  Time since last request: 0.000024 seconds.
  path: Assets/Resources/DOTweenSettings.asset
  artifactKey: Guid(ad3d216f9069e5e4483b4f50feed35fb) Importer(2089858483,3d70f49cd1c2eb9ae422958d1c652c6b)
Start importing Assets/Resources/DOTweenSettings.asset using Guid(ad3d216f9069e5e4483b4f50feed35fb) Importer(2089858483,3d70f49cd1c2eb9ae422958d1c652c6b) Generated GUIDs only implemented for interfaces!
 -> (artifact id: '9e242d8ab182d7b9339a985235d8c378') in 0.053985 seconds
Number of updated asset objects reloaded before import = 0
Number of asset objects unloaded after import = 0
========================================================================
Received Import Request.
  Time since last request: 0.000035 seconds.
  path: Assets/GoogleMobileAds/Editor/Resources/PlaceholderAds/Rewarded/1024x768.prefab
  artifactKey: Guid(ac0a546bb4fb349229fc5824b288ec00) Importer(2089858483,3d70f49cd1c2eb9ae422958d1c652c6b)
Start importing Assets/GoogleMobileAds/Editor/Resources/PlaceholderAds/Rewarded/1024x768.prefab using Guid(ac0a546bb4fb349229fc5824b288ec00) Importer(2089858483,3d70f49cd1c2eb9ae422958d1c652c6b) Generated GUIDs only implemented for interfaces!
 -> (artifact id: 'b979be1f58de1d30bc0b7cf22cc49d49') in 0.048397 seconds
Number of updated asset objects reloaded before import = 0
Number of asset objects unloaded after import = 30
========================================================================
Received Import Request.
  Time since last request: 0.000022 seconds.
  path: Assets/GoogleMobileAds/Editor/Resources/PlaceholderAds/Banners/MEDIUM_RECTANGLE.prefab
  artifactKey: Guid(da3156337d5ca4d529cf72f8b467823b) Importer(2089858483,3d70f49cd1c2eb9ae422958d1c652c6b)
Start importing Assets/GoogleMobileAds/Editor/Resources/PlaceholderAds/Banners/MEDIUM_RECTANGLE.prefab using Guid(da3156337d5ca4d529cf72f8b467823b) Importer(2089858483,3d70f49cd1c2eb9ae422958d1c652c6b) Generated GUIDs only implemented for interfaces!
 -> (artifact id: '0317222fbd1c961bf4acd8a834fcb957') in 0.033954 seconds
Number of updated asset objects reloaded before import = 0
Number of asset objects unloaded after import = 13
========================================================================
Received Import Request.
  Time since last request: 0.000458 seconds.
  path: Assets/Skybox/BOXOPHOBIC/Skybox Cubemap Extended/Demo/Prefabs/LowPoly - Fence A.prefab
  artifactKey: Guid(dd3ee0c97aab8a7498c9292f3482f60b) Importer(2089858483,3d70f49cd1c2eb9ae422958d1c652c6b)
Start importing Assets/Skybox/BOXOPHOBIC/Skybox Cubemap Extended/Demo/Prefabs/LowPoly - Fence A.prefab using Guid(dd3ee0c97aab8a7498c9292f3482f60b) Importer(2089858483,3d70f49cd1c2eb9ae422958d1c652c6b) Generated GUIDs only implemented for interfaces!
 -> (artifact id: '99a6e2f08dc383f8fa01c2fdd39f1ae2') in 0.047604 seconds
Number of updated asset objects reloaded before import = 0
Number of asset objects unloaded after import = 8
========================================================================
Received Import Request.
  Time since last request: 0.000031 seconds.
  path: Assets/GoogleMobileAds/Editor/Resources/PlaceholderAds/Banners/BANNER.prefab
  artifactKey: Guid(b2a8ac187bcca47a286cb00c8094da36) Importer(2089858483,3d70f49cd1c2eb9ae422958d1c652c6b)
Start importing Assets/GoogleMobileAds/Editor/Resources/PlaceholderAds/Banners/BANNER.prefab using Guid(b2a8ac187bcca47a286cb00c8094da36) Importer(2089858483,3d70f49cd1c2eb9ae422958d1c652c6b) Generated GUIDs only implemented for interfaces!
 -> (artifact id: 'fdf2c82ddfd4917a2beb608db542243b') in 0.027398 seconds
Number of updated asset objects reloaded before import = 0
Number of asset objects unloaded after import = 13
========================================================================
Received Import Request.
  Time since last request: 0.000027 seconds.
  path: Assets/Animation/Trap/Obstacle-14.controller
  artifactKey: Guid(5a1b579277c33a14bb1dd441ad6832c0) Importer(2089858483,0ecaa5967403d082aa24f35e1b516d23)
Start importing Assets/Animation/Trap/Obstacle-14.controller using Guid(5a1b579277c33a14bb1dd441ad6832c0) Importer(2089858483,0ecaa5967403d082aa24f35e1b516d23) Generated GUIDs only implemented for interfaces!
 -> (artifact id: 'faf08a7123d80e8979233f57b74fb863') in 0.031609 seconds
Number of updated asset objects reloaded before import = 0
Number of asset objects unloaded after import = 4
========================================================================
Received Import Request.
  Time since last request: 0.000029 seconds.
  path: Assets/Prefabs/Trap/Animated/Swing-Mace.prefab
  artifactKey: Guid(35be201f299149f47b600b4daa1ab423) Importer(2089858483,3d70f49cd1c2eb9ae422958d1c652c6b)
Start importing Assets/Prefabs/Trap/Animated/Swing-Mace.prefab using Guid(35be201f299149f47b600b4daa1ab423) Importer(2089858483,3d70f49cd1c2eb9ae422958d1c652c6b) Generated GUIDs only implemented for interfaces!
 -> (artifact id: '7380e1023e7faaf64eb76145184b0b71') in 0.033971 seconds
Number of updated asset objects reloaded before import = 0
Number of asset objects unloaded after import = 23
========================================================================
Received Import Request.
  Time since last request: 0.000021 seconds.
  path: Assets/Materials/Environment/Road.mat
  artifactKey: Guid(29e1c7e33f2838440b0b09209951c088) Importer(2089858483,0ecaa5967403d082aa24f35e1b516d23)
Start importing Assets/Materials/Environment/Road.mat using Guid(29e1c7e33f2838440b0b09209951c088) Importer(2089858483,0ecaa5967403d082aa24f35e1b516d23) Generated GUIDs only implemented for interfaces!
 -> (artifact id: '9577733d0049dce4712e054a9dd7128a') in 0.063595 seconds
Number of updated asset objects reloaded before import = 0
Number of asset objects unloaded after import = 2
========================================================================
Received Import Request.
  Time since last request: 0.000029 seconds.
  path: Assets/PathCreator/Examples/Scenes/Follow Path.unity
  artifactKey: Guid(c1e712ad623461e418f182144cf61384) Importer(2089858483,3d70f49cd1c2eb9ae422958d1c652c6b)
Start importing Assets/PathCreator/Examples/Scenes/Follow Path.unity using Guid(c1e712ad623461e418f182144cf61384) Importer(2089858483,3d70f49cd1c2eb9ae422958d1c652c6b) Opening scene 'Assets/PathCreator/Examples/Scenes/Follow Path.unity additively'
Loaded scene 'Assets/PathCreator/Examples/Scenes/Follow Path.unity'
	Deserialize:            12.753 ms
	Integration:            12.797 ms
	Integration of assets:  0.016 ms
	Thread Wait Time:       0.045 ms
	Total Operation Time:   25.612 ms
Generated GUIDs only implemented for interfaces!
 -> (artifact id: '5b389f370e7303edf786e03d3e85e302') in 0.141124 seconds
Number of updated asset objects reloaded before import = 0
Number of asset objects unloaded after import = 32
========================================================================
Received Import Request.
  Time since last request: 0.000045 seconds.
  path: Assets/TextMesh Pro/Resources/Style Sheets/Default Style Sheet.asset
  artifactKey: Guid(f952c082cb03451daed3ee968ac6c63e) Importer(2089858483,3d70f49cd1c2eb9ae422958d1c652c6b)
Start importing Assets/TextMesh Pro/Resources/Style Sheets/Default Style Sheet.asset using Guid(f952c082cb03451daed3ee968ac6c63e) Importer(2089858483,3d70f49cd1c2eb9ae422958d1c652c6b) Generated GUIDs only implemented for interfaces!
 -> (artifact id: 'f962c6b17a813cd9e3a57e5949e769ac') in 0.032170 seconds
Number of updated asset objects reloaded before import = 0
Number of asset objects unloaded after import = 0
========================================================================
Received Import Request.
  Time since last request: 0.000951 seconds.
  path: Assets/Animation/Trap/Obstacle-29.controller
  artifactKey: Guid(8b50c5e1ec9ae5147b5dc6d1867bcba0) Importer(2089858483,0ecaa5967403d082aa24f35e1b516d23)
Start importing Assets/Animation/Trap/Obstacle-29.controller using Guid(8b50c5e1ec9ae5147b5dc6d1867bcba0) Importer(2089858483,0ecaa5967403d082aa24f35e1b516d23) Generated GUIDs only implemented for interfaces!
 -> (artifact id: '726703344c6cbcd23f722a2926937d10') in 0.031096 seconds
Number of updated asset objects reloaded before import = 0
Number of asset objects unloaded after import = 4
========================================================================
Received Import Request.
  Time since last request: 0.000029 seconds.
  path: Assets/GoogleMobileAds/Resources/GoogleMobileAdsSettings.asset
  artifactKey: Guid(8540233220007ed40924cde8ad82c3b9) Importer(2089858483,0ecaa5967403d082aa24f35e1b516d23)
Start importing Assets/GoogleMobileAds/Resources/GoogleMobileAdsSettings.asset using Guid(8540233220007ed40924cde8ad82c3b9) Importer(2089858483,0ecaa5967403d082aa24f35e1b516d23) Generated GUIDs only implemented for interfaces!
 -> (artifact id: '507d10a5b01d168a6fcc5b6d69e5c089') in 0.055706 seconds
Number of updated asset objects reloaded before import = 0
Number of asset objects unloaded after import = 1
========================================================================
Received Import Request.
  Time since last request: 0.000080 seconds.
  path: Assets/Prefabs/Wall Road.prefab
  artifactKey: Guid(57718086b7d7b4d4a972ca515c5f543a) Importer(2089858483,3d70f49cd1c2eb9ae422958d1c652c6b)
Start importing Assets/Prefabs/Wall Road.prefab using Guid(57718086b7d7b4d4a972ca515c5f543a) Importer(2089858483,3d70f49cd1c2eb9ae422958d1c652c6b) Generated GUIDs only implemented for interfaces!
 -> (artifact id: '8b0a4bfaea3822ab3e5b65b29913facb') in 0.025296 seconds
Number of updated asset objects reloaded before import = 0
Number of asset objects unloaded after import = 7
========================================================================
Received Import Request.
  Time since last request: 0.000104 seconds.
  path: Assets/Materials/Gates/FieldNegative.mat
  artifactKey: Guid(e7c6fba5890ff6348abd67047a246270) Importer(2089858483,0ecaa5967403d082aa24f35e1b516d23)
Start importing Assets/Materials/Gates/FieldNegative.mat using Guid(e7c6fba5890ff6348abd67047a246270) Importer(2089858483,0ecaa5967403d082aa24f35e1b516d23) Generated GUIDs only implemented for interfaces!
 -> (artifact id: '639828a9fdee91f628cf45f880f1102b') in 0.046066 seconds
Number of updated asset objects reloaded before import = 0
Number of asset objects unloaded after import = 1
========================================================================
Received Import Request.
  Time since last request: 0.000031 seconds.
  path: Assets/PathCreator/Examples/Prefabs/Follower.prefab
  artifactKey: Guid(761d600d1e80341ac97f3228771ce637) Importer(2089858483,3d70f49cd1c2eb9ae422958d1c652c6b)
Start importing Assets/PathCreator/Examples/Prefabs/Follower.prefab using Guid(761d600d1e80341ac97f3228771ce637) Importer(2089858483,3d70f49cd1c2eb9ae422958d1c652c6b) Generated GUIDs only implemented for interfaces!
 -> (artifact id: '81c081ae18b2161652fe1f384ab9fbfa') in 0.044308 seconds
Number of updated asset objects reloaded before import = 0
Number of asset objects unloaded after import = 31
========================================================================
Received Import Request.
  Time since last request: 0.000033 seconds.
  path: Assets/Models/Trap/Obstacle-5.fbx
  artifactKey: Guid(e5b57df68cb6ef64196bbf03402b8907) Importer(2089858483,0ecaa5967403d082aa24f35e1b516d23)
Start importing Assets/Models/Trap/Obstacle-5.fbx using Guid(e5b57df68cb6ef64196bbf03402b8907) Importer(2089858483,0ecaa5967403d082aa24f35e1b516d23) Generated GUIDs only implemented for interfaces!
 -> (artifact id: '86e05f7be6f3bb9b556e2c1b329fbfec') in 0.197544 seconds
Number of updated asset objects reloaded before import = 0
Number of asset objects unloaded after import = 30
========================================================================
Received Import Request.
  Time since last request: 0.000027 seconds.
  path: Assets/Models/Trap/Obstacle-18.fbx
  artifactKey: Guid(a52fcffb80399d64c987a89db2be29ed) Importer(2089858483,0ecaa5967403d082aa24f35e1b516d23)
Start importing Assets/Models/Trap/Obstacle-18.fbx using Guid(a52fcffb80399d64c987a89db2be29ed) Importer(2089858483,0ecaa5967403d082aa24f35e1b516d23) Generated GUIDs only implemented for interfaces!
 -> (artifact id: '3dca4738efc10dbb7a13347f82179b31') in 0.088883 seconds
Number of updated asset objects reloaded before import = 0
Number of asset objects unloaded after import = 23
========================================================================
Received Import Request.
  Time since last request: 0.000035 seconds.
  path: Assets/Animation/Trap/Obstacle-26.controller
  artifactKey: Guid(6f202d6f83f01914fb31b65fc8ec558e) Importer(2089858483,0ecaa5967403d082aa24f35e1b516d23)
Start importing Assets/Animation/Trap/Obstacle-26.controller using Guid(6f202d6f83f01914fb31b65fc8ec558e) Importer(2089858483,0ecaa5967403d082aa24f35e1b516d23) Generated GUIDs only implemented for interfaces!
 -> (artifact id: '47a426a136c759d180a51a9e080b253b') in 0.038855 seconds
Number of updated asset objects reloaded before import = 0
Number of asset objects unloaded after import = 4
========================================================================
Received Import Request.
  Time since last request: 0.000021 seconds.
  path: Assets/Fonts/Bumpo SDF 1.asset
  artifactKey: Guid(72636d649b2a4a649a8a1111433fae71) Importer(2089858483,0ecaa5967403d082aa24f35e1b516d23)
Start importing Assets/Fonts/Bumpo SDF 1.asset using Guid(72636d649b2a4a649a8a1111433fae71) Importer(2089858483,0ecaa5967403d082aa24f35e1b516d23) Generated GUIDs only implemented for interfaces!
 -> (artifact id: '582ca1c324d023288bc5e1c2d10e86c2') in 0.131736 seconds
Number of updated asset objects reloaded before import = 0
Number of asset objects unloaded after import = 5
========================================================================
Received Import Request.
  Time since last request: 0.000023 seconds.
  path: Assets/Skybox/BOXOPHOBIC/Skybox Cubemap Extended/Demo/Demo Day.unity
  artifactKey: Guid(67adac43bcf286444be612074ab04f75) Importer(2089858483,3d70f49cd1c2eb9ae422958d1c652c6b)
Start importing Assets/Skybox/BOXOPHOBIC/Skybox Cubemap Extended/Demo/Demo Day.unity using Guid(67adac43bcf286444be612074ab04f75) Importer(2089858483,3d70f49cd1c2eb9ae422958d1c652c6b) Opening scene 'Assets/Skybox/BOXOPHOBIC/Skybox Cubemap Extended/Demo/Demo Day.unity additively'
LightingSettings: switching bake backend from 1 to 0.
Loaded scene 'Assets/Skybox/BOXOPHOBIC/Skybox Cubemap Extended/Demo/Demo Day.unity'
	Deserialize:            15.042 ms
	Integration:            24.083 ms
	Integration of assets:  0.005 ms
	Thread Wait Time:       0.012 ms
	Total Operation Time:   39.141 ms
Generated GUIDs only implemented for interfaces!
 -> (artifact id: '7ac53ecbb1db973ff8a1971c4b91ab5a') in 0.105184 seconds
Number of updated asset objects reloaded before import = 0
Number of asset objects unloaded after import = 71
========================================================================
Received Import Request.
  Time since last request: 0.000032 seconds.
  path: Assets/VFX/Particle/Player/Brawling/StunnedCirclingStars.prefab
  artifactKey: Guid(2ed06ab528b7c474eb9246421cd7c791) Importer(2089858483,3d70f49cd1c2eb9ae422958d1c652c6b)
Start importing Assets/VFX/Particle/Player/Brawling/StunnedCirclingStars.prefab using Guid(2ed06ab528b7c474eb9246421cd7c791) Importer(2089858483,3d70f49cd1c2eb9ae422958d1c652c6b) Generated GUIDs only implemented for interfaces!
 -> (artifact id: '5f6c5983147626dab708980a98fc8739') in 0.044337 seconds
Number of updated asset objects reloaded before import = 0
Number of asset objects unloaded after import = 28
========================================================================
Received Import Request.
  Time since last request: 0.000098 seconds.
  path: Assets/Skybox/BOXOPHOBIC/Skybox Cubemap Extended/Demo/Demo Night.unity
  artifactKey: Guid(a5df9867bdacd604dbe1d73079151448) Importer(2089858483,3d70f49cd1c2eb9ae422958d1c652c6b)
Start importing Assets/Skybox/BOXOPHOBIC/Skybox Cubemap Extended/Demo/Demo Night.unity using Guid(a5df9867bdacd604dbe1d73079151448) Importer(2089858483,3d70f49cd1c2eb9ae422958d1c652c6b) Opening scene 'Assets/Skybox/BOXOPHOBIC/Skybox Cubemap Extended/Demo/Demo Night.unity additively'
LightingSettings: switching bake backend from 1 to 0.
Loaded scene 'Assets/Skybox/BOXOPHOBIC/Skybox Cubemap Extended/Demo/Demo Night.unity'
	Deserialize:            12.867 ms
	Integration:            14.328 ms
	Integration of assets:  0.019 ms
	Thread Wait Time:       0.000 ms
	Total Operation Time:   27.214 ms
Generated GUIDs only implemented for interfaces!
 -> (artifact id: 'd4a1f1dca3c78eb68448a4342ed74f6d') in 0.090387 seconds
Number of updated asset objects reloaded before import = 0
Number of asset objects unloaded after import = 71
========================================================================
Received Import Request.
  Time since last request: 0.000022 seconds.
  path: Assets/GoogleMobileAds/Editor/GoogleMobileAdsDependencies.xml
  artifactKey: Guid(2c9357ed17521401bb7b6733145ebcd9) Importer(2089858483,0ecaa5967403d082aa24f35e1b516d23)
Start importing Assets/GoogleMobileAds/Editor/GoogleMobileAdsDependencies.xml using Guid(2c9357ed17521401bb7b6733145ebcd9) Importer(2089858483,0ecaa5967403d082aa24f35e1b516d23) Generated GUIDs only implemented for interfaces!
 -> (artifact id: 'cc7edaf3e164cdd59da62b92f392da3c') in 0.021969 seconds
Number of updated asset objects reloaded before import = 0
Number of asset objects unloaded after import = 1
========================================================================
Received Import Request.
  Time since last request: 0.000040 seconds.
  path: Assets/Models/Trap/Obstacle-4.fbx
  artifactKey: Guid(0254126a56147c84589ec0d79f78cfbd) Importer(2089858483,0ecaa5967403d082aa24f35e1b516d23)
Start importing Assets/Models/Trap/Obstacle-4.fbx using Guid(0254126a56147c84589ec0d79f78cfbd) Importer(2089858483,0ecaa5967403d082aa24f35e1b516d23) Generated GUIDs only implemented for interfaces!
 -> (artifact id: 'e145f764f1c048e3daeaa75a1151ed6f') in 0.057476 seconds
Number of updated asset objects reloaded before import = 0
Number of asset objects unloaded after import = 8
========================================================================
Received Import Request.
  Time since last request: 0.000025 seconds.
  path: Assets/PlayerPrefsEditor/Editor Resources/sort.png
  artifactKey: Guid(5d3ebd901d622c14a9653af004d172a0) Importer(2089858483,0ecaa5967403d082aa24f35e1b516d23)
Start importing Assets/PlayerPrefsEditor/Editor Resources/sort.png using Guid(5d3ebd901d622c14a9653af004d172a0) Importer(2089858483,0ecaa5967403d082aa24f35e1b516d23) Generated GUIDs only implemented for interfaces!
 -> (artifact id: '19d76f43897fc565dc42bccc6261d31b') in 0.055283 seconds
Number of updated asset objects reloaded before import = 0
Number of asset objects unloaded after import = 1
========================================================================
Received Import Request.
  Time since last request: 0.000345 seconds.
  path: Assets/Sprites/Emojis/18.png
  artifactKey: Guid(e8da05e345c54ba43a3dcf2ff4c865bc) Importer(2089858483,0ecaa5967403d082aa24f35e1b516d23)
Start importing Assets/Sprites/Emojis/18.png using Guid(e8da05e345c54ba43a3dcf2ff4c865bc) Importer(2089858483,0ecaa5967403d082aa24f35e1b516d23) Generated GUIDs only implemented for interfaces!
 -> (artifact id: '835860caa5384a4ccebb5c5658611a03') in 0.061621 seconds
Number of updated asset objects reloaded before import = 0
Number of asset objects unloaded after import = 3
========================================================================
Received Import Request.
  Time since last request: 0.000021 seconds.
  path: Assets/Scripts/Core/PersistentObjects.cs
  artifactKey: Guid(dba7c7844c886ff42ab3a81f94a76a34) Importer(2089858483,0ecaa5967403d082aa24f35e1b516d23)
Start importing Assets/Scripts/Core/PersistentObjects.cs using Guid(dba7c7844c886ff42ab3a81f94a76a34) Importer(2089858483,0ecaa5967403d082aa24f35e1b516d23) Generated GUIDs only implemented for interfaces!
 -> (artifact id: 'a0629853c9b2df285da179960d41c5b2') in 0.031453 seconds
Number of updated asset objects reloaded before import = 0
Number of asset objects unloaded after import = 1
========================================================================
Received Import Request.
  Time since last request: 0.000110 seconds.
  path: Assets/Sprites/Emojis/28.png
  artifactKey: Guid(91c260671d969284c83151b2b358b61f) Importer(2089858483,0ecaa5967403d082aa24f35e1b516d23)
Start importing Assets/Sprites/Emojis/28.png using Guid(91c260671d969284c83151b2b358b61f) Importer(2089858483,0ecaa5967403d082aa24f35e1b516d23) Generated GUIDs only implemented for interfaces!
 -> (artifact id: 'ded99ad8273a112aed33dd107b14da61') in 0.058470 seconds
Number of updated asset objects reloaded before import = 0
Number of asset objects unloaded after import = 3
========================================================================
Received Import Request.
  Time since last request: 0.000022 seconds.
  path: Assets/Sprites/Emojis/20.png
  artifactKey: Guid(4575bef9ad838df409da876d2e041222) Importer(2089858483,0ecaa5967403d082aa24f35e1b516d23)
Start importing Assets/Sprites/Emojis/20.png using Guid(4575bef9ad838df409da876d2e041222) Importer(2089858483,0ecaa5967403d082aa24f35e1b516d23) Generated GUIDs only implemented for interfaces!
 -> (artifact id: 'b70d3b5864804c812e8fec2ee6ae408f') in 0.068482 seconds
Number of updated asset objects reloaded before import = 0
Number of asset objects unloaded after import = 3
========================================================================
Received Import Request.
  Time since last request: 0.000028 seconds.
  path: Assets/Sprites/Emojis/29.png
  artifactKey: Guid(8928fa1c1f3330940a13680423689ab4) Importer(2089858483,0ecaa5967403d082aa24f35e1b516d23)
Start importing Assets/Sprites/Emojis/29.png using Guid(8928fa1c1f3330940a13680423689ab4) Importer(2089858483,0ecaa5967403d082aa24f35e1b516d23) Generated GUIDs only implemented for interfaces!
 -> (artifact id: '74ac48203cb8e397bd052e8c8e5d268f') in 0.057745 seconds
Number of updated asset objects reloaded before import = 0
Number of asset objects unloaded after import = 3
========================================================================
Received Import Request.
  Time since last request: 0.000100 seconds.
  path: Assets/Prefabs/Food/HamEgg.prefab
  artifactKey: Guid(e1deace76fd05a64d9db3fb83d1dbdfe) Importer(2089858483,0ecaa5967403d082aa24f35e1b516d23)
Start importing Assets/Prefabs/Food/HamEgg.prefab using Guid(e1deace76fd05a64d9db3fb83d1dbdfe) Importer(2089858483,0ecaa5967403d082aa24f35e1b516d23) Generated GUIDs only implemented for interfaces!
 -> (artifact id: '8fb8b422748e5e0e3c6a754c6159902a') in 0.030983 seconds
Number of updated asset objects reloaded before import = 0
Number of asset objects unloaded after import = 7
========================================================================
Received Import Request.
  Time since last request: 0.000024 seconds.
  path: Assets/Materials/Environment/Finish.mat
  artifactKey: Guid(b6b86d1053a737345ba17a74095f013a) Importer(2089858483,0ecaa5967403d082aa24f35e1b516d23)
Start importing Assets/Materials/Environment/Finish.mat using Guid(b6b86d1053a737345ba17a74095f013a) Importer(2089858483,0ecaa5967403d082aa24f35e1b516d23) Generated GUIDs only implemented for interfaces!
 -> (artifact id: 'cc66caa91f6315f32b08022c79df5fd0') in 0.020405 seconds
Number of updated asset objects reloaded before import = 0
Number of asset objects unloaded after import = 1
========================================================================
Received Import Request.
  Time since last request: 0.000020 seconds.
  path: Assets/GoogleMobileAds/GoogleMobileAds.Unity.dll
  artifactKey: Guid(3bce71ee5c7c4e0fbbb4d836c01a35a2) Importer(2089858483,0ecaa5967403d082aa24f35e1b516d23)
Start importing Assets/GoogleMobileAds/GoogleMobileAds.Unity.dll using Guid(3bce71ee5c7c4e0fbbb4d836c01a35a2) Importer(2089858483,0ecaa5967403d082aa24f35e1b516d23) Generated GUIDs only implemented for interfaces!
 -> (artifact id: 'c3dc857996a45d943aa8341389bc325d') in 0.049116 seconds
Number of updated asset objects reloaded before import = 0
Number of asset objects unloaded after import = 1
========================================================================
Received Import Request.
  Time since last request: 0.000340 seconds.
  path: Assets/GoogleMobileAds/GoogleMobileAds.Android.dll
  artifactKey: Guid(9daf61812a464faa90dec7f977094a88) Importer(2089858483,0ecaa5967403d082aa24f35e1b516d23)
Start importing Assets/GoogleMobileAds/GoogleMobileAds.Android.dll using Guid(9daf61812a464faa90dec7f977094a88) Importer(2089858483,0ecaa5967403d082aa24f35e1b516d23) Generated GUIDs only implemented for interfaces!
 -> (artifact id: 'e485712f37bad3906fb440b373d155f9') in 0.031108 seconds
Number of updated asset objects reloaded before import = 0
Number of asset objects unloaded after import = 1
========================================================================
Received Import Request.
  Time since last request: 0.000062 seconds.
  path: Assets/Models/Trap/Obstacle-19.fbx
  artifactKey: Guid(14c78d93df006874295a5d3c52aad34e) Importer(2089858483,0ecaa5967403d082aa24f35e1b516d23)
Start importing Assets/Models/Trap/Obstacle-19.fbx using Guid(14c78d93df006874295a5d3c52aad34e) Importer(2089858483,0ecaa5967403d082aa24f35e1b516d23) Generated GUIDs only implemented for interfaces!
 -> (artifact id: '30742136d72475597d683543aae5247a') in 0.059730 seconds
Number of updated asset objects reloaded before import = 0
Number of asset objects unloaded after import = 15
========================================================================
Received Import Request.
  Time since last request: 0.000025 seconds.
  path: Assets/PlayerPrefsEditor/Editor/Extensions/CenterOnWindow.cs
  artifactKey: Guid(274db1862ad1a1b4c80a2ed6558e05ec) Importer(2089858483,0ecaa5967403d082aa24f35e1b516d23)
Start importing Assets/PlayerPrefsEditor/Editor/Extensions/CenterOnWindow.cs using Guid(274db1862ad1a1b4c80a2ed6558e05ec) Importer(2089858483,0ecaa5967403d082aa24f35e1b516d23) Generated GUIDs only implemented for interfaces!
 -> (artifact id: '6a8fdbeb1c04c25a73ad600849e9cc3c') in 0.027847 seconds
Number of updated asset objects reloaded before import = 0
Number of asset objects unloaded after import = 1
========================================================================
Received Import Request.
  Time since last request: 0.000039 seconds.
  path: Assets/PathCreator/Examples/Scripts/PathFollower.cs
  artifactKey: Guid(33aabe1a2dec93349b06e6e5dc51bc06) Importer(2089858483,0ecaa5967403d082aa24f35e1b516d23)
Start importing Assets/PathCreator/Examples/Scripts/PathFollower.cs using Guid(33aabe1a2dec93349b06e6e5dc51bc06) Importer(2089858483,0ecaa5967403d082aa24f35e1b516d23) Generated GUIDs only implemented for interfaces!
 -> (artifact id: 'a64f0dc5dd61b6c034b3481055b85de0') in 0.033935 seconds
Number of updated asset objects reloaded before import = 0
Number of asset objects unloaded after import = 1
========================================================================
Received Import Request.
  Time since last request: 0.000033 seconds.
  path: Assets/PathCreator/Examples/Prefabs/Sphere.prefab
  artifactKey: Guid(cb2e1e8aa0d44489c8d332b91c9a4202) Importer(2089858483,0ecaa5967403d082aa24f35e1b516d23)
Start importing Assets/PathCreator/Examples/Prefabs/Sphere.prefab using Guid(cb2e1e8aa0d44489c8d332b91c9a4202) Importer(2089858483,0ecaa5967403d082aa24f35e1b516d23) Generated GUIDs only implemented for interfaces!
 -> (artifact id: '48c630e3c2820a6dd0068b542e2945d8') in 0.024881 seconds
Number of updated asset objects reloaded before import = 0
Number of asset objects unloaded after import = 6
========================================================================
Received Import Request.
  Time since last request: 0.000025 seconds.
  path: Assets/PathCreator/Examples/Scripts/PathSpawner.cs
  artifactKey: Guid(b617cc208d0104cad9534d503ff3e1cf) Importer(2089858483,0ecaa5967403d082aa24f35e1b516d23)
Start importing Assets/PathCreator/Examples/Scripts/PathSpawner.cs using Guid(b617cc208d0104cad9534d503ff3e1cf) Importer(2089858483,0ecaa5967403d082aa24f35e1b516d23) Generated GUIDs only implemented for interfaces!
 -> (artifact id: 'a953294e7415f6fb4d9f71b4243501cb') in 0.029892 seconds
Number of updated asset objects reloaded before import = 0
Number of asset objects unloaded after import = 1
========================================================================
Received Import Request.
  Time since last request: 0.000033 seconds.
  path: Assets/PathCreator/Examples/Materials/Blue.mat
  artifactKey: Guid(5c270a73328a99e439fec44a0cf3a17d) Importer(2089858483,0ecaa5967403d082aa24f35e1b516d23)
Start importing Assets/PathCreator/Examples/Materials/Blue.mat using Guid(5c270a73328a99e439fec44a0cf3a17d) Importer(2089858483,0ecaa5967403d082aa24f35e1b516d23) Generated GUIDs only implemented for interfaces!
 -> (artifact id: '52e523b2bf76bb9d8d55acb2019062ae') in 0.043623 seconds
Number of updated asset objects reloaded before import = 0
Number of asset objects unloaded after import = 1
========================================================================
Received Import Request.
  Time since last request: 0.000186 seconds.
  path: Assets/Models/Food/Texture/Cake.png
  artifactKey: Guid(4b35d9b7a328c4549970431ea7596358) Importer(2089858483,0ecaa5967403d082aa24f35e1b516d23)
Start importing Assets/Models/Food/Texture/Cake.png using Guid(4b35d9b7a328c4549970431ea7596358) Importer(2089858483,0ecaa5967403d082aa24f35e1b516d23) Generated GUIDs only implemented for interfaces!
 -> (artifact id: '36a7888fc0c29d288ade4d791f3f4004') in 0.065331 seconds
Number of updated asset objects reloaded before import = 0
Number of asset objects unloaded after import = 1
========================================================================
Received Import Request.
  Time since last request: 0.000024 seconds.
  path: Assets/ExternalDependencyManager/Editor/1.2.176/Google.PackageManagerResolver.dll
  artifactKey: Guid(ab7c22193da44aea9aaa380ba652a206) Importer(2089858483,0ecaa5967403d082aa24f35e1b516d23)
Start importing Assets/ExternalDependencyManager/Editor/1.2.176/Google.PackageManagerResolver.dll using Guid(ab7c22193da44aea9aaa380ba652a206) Importer(2089858483,0ecaa5967403d082aa24f35e1b516d23) Generated GUIDs only implemented for interfaces!
 -> (artifact id: '9924eb8a9a447656dc1d40dab335694e') in 0.055445 seconds
Number of updated asset objects reloaded before import = 0
Number of asset objects unloaded after import = 1
========================================================================
Received Import Request.
  Time since last request: 0.000036 seconds.
  path: Assets/PathCreator/Examples/Materials/Road Underside.mat
  artifactKey: Guid(c1d8d882244c5344fa86a8fd23246f81) Importer(2089858483,0ecaa5967403d082aa24f35e1b516d23)
Start importing Assets/PathCreator/Examples/Materials/Road Underside.mat using Guid(c1d8d882244c5344fa86a8fd23246f81) Importer(2089858483,0ecaa5967403d082aa24f35e1b516d23) Generated GUIDs only implemented for interfaces!
 -> (artifact id: '630779c1a21dc20c3b3c99045727c91d') in 0.033109 seconds
Number of updated asset objects reloaded before import = 0
Number of asset objects unloaded after import = 1
========================================================================
Received Import Request.
  Time since last request: 0.000020 seconds.
  path: Assets/ExternalDependencyManager/Editor/1.2.176/Google.PackageManagerResolver.dll.mdb
  artifactKey: Guid(219b2ec322f741b1b429aa63ff518ccd) Importer(2089858483,0ecaa5967403d082aa24f35e1b516d23)
Start importing Assets/ExternalDependencyManager/Editor/1.2.176/Google.PackageManagerResolver.dll.mdb using Guid(219b2ec322f741b1b429aa63ff518ccd) Importer(2089858483,0ecaa5967403d082aa24f35e1b516d23) Generated GUIDs only implemented for interfaces!
 -> (artifact id: 'dce26fe97f04a79655d69aa9e8308a91') in 0.028594 seconds
Number of updated asset objects reloaded before import = 0
Number of asset objects unloaded after import = 1
========================================================================
Received Import Request.
  Time since last request: 0.000023 seconds.
  path: Assets/Models/Food/Texture/Hamegg.png
  artifactKey: Guid(9746c0b1835b13440b9c9d09dd9f6080) Importer(2089858483,0ecaa5967403d082aa24f35e1b516d23)
Start importing Assets/Models/Food/Texture/Hamegg.png using Guid(9746c0b1835b13440b9c9d09dd9f6080) Importer(2089858483,0ecaa5967403d082aa24f35e1b516d23) Generated GUIDs only implemented for interfaces!
 -> (artifact id: 'cb45f7e30da49bbc702f2cc9735fc3c6') in 0.050243 seconds
Number of updated asset objects reloaded before import = 0
Number of asset objects unloaded after import = 1
========================================================================
Received Import Request.
  Time since last request: 0.001936 seconds.
  path: Assets/PlayerPrefsEditor/Editor/PreferencesEditor/PreferenceEntry.cs
  artifactKey: Guid(2ae9239fbddf12b4099b3cacc5301271) Importer(2089858483,0ecaa5967403d082aa24f35e1b516d23)
Start importing Assets/PlayerPrefsEditor/Editor/PreferencesEditor/PreferenceEntry.cs using Guid(2ae9239fbddf12b4099b3cacc5301271) Importer(2089858483,0ecaa5967403d082aa24f35e1b516d23) Generated GUIDs only implemented for interfaces!
 -> (artifact id: '07186f91b58f70ec03492272dcb7f188') in 0.028243 seconds
Number of updated asset objects reloaded before import = 0
Number of asset objects unloaded after import = 1
========================================================================
Received Import Request.
  Time since last request: 0.000021 seconds.
  path: Assets/Sprites/Sprites by Menu/Buttons-assets/Green Button Claim Stroke.png
  artifactKey: Guid(12769eba149fee7498cea3766670c228) Importer(2089858483,0ecaa5967403d082aa24f35e1b516d23)
Start importing Assets/Sprites/Sprites by Menu/Buttons-assets/Green Button Claim Stroke.png using Guid(12769eba149fee7498cea3766670c228) Importer(2089858483,0ecaa5967403d082aa24f35e1b516d23) Generated GUIDs only implemented for interfaces!
 -> (artifact id: 'd0725171e3b74b0e45bdd28a5c948276') in 0.069797 seconds
Number of updated asset objects reloaded before import = 0
Number of asset objects unloaded after import = 3
========================================================================
Received Import Request.
  Time since last request: 0.000093 seconds.
  path: Assets/Plugins/Demigiant/DOTween/DOTween.XML
  artifactKey: Guid(34192c5e0d14aee43a0e86cc4823268a) Importer(2089858483,0ecaa5967403d082aa24f35e1b516d23)
Start importing Assets/Plugins/Demigiant/DOTween/DOTween.XML using Guid(34192c5e0d14aee43a0e86cc4823268a) Importer(2089858483,0ecaa5967403d082aa24f35e1b516d23) Generated GUIDs only implemented for interfaces!
 -> (artifact id: '352d95676b4d8771533a32131f2290d2') in 0.030451 seconds
Number of updated asset objects reloaded before import = 0
Number of asset objects unloaded after import = 1
========================================================================
Received Import Request.
  Time since last request: 0.000034 seconds.
  path: Assets/Sprites/Sprites by Menu/Buttons-assets/Blue Button Skip.png
  artifactKey: Guid(8657d6b16d53e064c9c45cf3852466fb) Importer(2089858483,0ecaa5967403d082aa24f35e1b516d23)
Start importing Assets/Sprites/Sprites by Menu/Buttons-assets/Blue Button Skip.png using Guid(8657d6b16d53e064c9c45cf3852466fb) Importer(2089858483,0ecaa5967403d082aa24f35e1b516d23) Generated GUIDs only implemented for interfaces!
 -> (artifact id: '96dcc3e70af5a8461f4ce077b638ead1') in 0.068017 seconds
Number of updated asset objects reloaded before import = 0
Number of asset objects unloaded after import = 3
========================================================================
Received Import Request.
  Time since last request: 0.000030 seconds.
  path: Assets/Prefabs/Trap/Animated/Swing-Mace.prefab
  artifactKey: Guid(35be201f299149f47b600b4daa1ab423) Importer(2089858483,0ecaa5967403d082aa24f35e1b516d23)
Start importing Assets/Prefabs/Trap/Animated/Swing-Mace.prefab using Guid(35be201f299149f47b600b4daa1ab423) Importer(2089858483,0ecaa5967403d082aa24f35e1b516d23) Generated GUIDs only implemented for interfaces!
 -> (artifact id: '786b7c318d565c1a354777672f211275') in 0.027522 seconds
Number of updated asset objects reloaded before import = 0
Number of asset objects unloaded after import = 24
========================================================================
Received Import Request.
  Time since last request: 0.000021 seconds.
  path: Assets/Scripts/Core/Game/LoadingManager.cs
  artifactKey: Guid(9ab7e5a9a3b88e94d8bd2af098048baa) Importer(2089858483,0ecaa5967403d082aa24f35e1b516d23)
Start importing Assets/Scripts/Core/Game/LoadingManager.cs using Guid(9ab7e5a9a3b88e94d8bd2af098048baa) Importer(2089858483,0ecaa5967403d082aa24f35e1b516d23) Generated GUIDs only implemented for interfaces!
 -> (artifact id: '030566fc6e9401b2dc6da1376a76b725') in 0.024003 seconds
Number of updated asset objects reloaded before import = 0
Number of asset objects unloaded after import = 1
========================================================================
Received Import Request.
  Time since last request: 0.000022 seconds.
  path: Assets/Prefabs/Trap/Animated/Spinning Saws.prefab
  artifactKey: Guid(324185d0c885f0a4dbbc267e87512ef8) Importer(2089858483,0ecaa5967403d082aa24f35e1b516d23)
Start importing Assets/Prefabs/Trap/Animated/Spinning Saws.prefab using Guid(324185d0c885f0a4dbbc267e87512ef8) Importer(2089858483,0ecaa5967403d082aa24f35e1b516d23) Generated GUIDs only implemented for interfaces!
 -> (artifact id: '4478d2cb583e70f9e53838909481e985') in 0.024544 seconds
Number of updated asset objects reloaded before import = 0
Number of asset objects unloaded after import = 29
========================================================================
Received Import Request.
  Time since last request: 0.000022 seconds.
  path: Assets/Prefabs/Trap/Animated/Spikey Sticks Trap.prefab
  artifactKey: Guid(f6a9d45f5760fb1489edb8a46fb0875a) Importer(2089858483,0ecaa5967403d082aa24f35e1b516d23)
Start importing Assets/Prefabs/Trap/Animated/Spikey Sticks Trap.prefab using Guid(f6a9d45f5760fb1489edb8a46fb0875a) Importer(2089858483,0ecaa5967403d082aa24f35e1b516d23) Generated GUIDs only implemented for interfaces!
 -> (artifact id: '29a1229919a71ffd9fa94e33fdecaf0b') in 0.055253 seconds
Number of updated asset objects reloaded before import = 0
Number of asset objects unloaded after import = 27
========================================================================
Received Import Request.
  Time since last request: 0.001399 seconds.
  path: Assets/Sprites/Sprites by Menu/Buttons-assets/Pub Yellow Button Claim.png
  artifactKey: Guid(fb7ac0112b397ee498f19d7b09a3091b) Importer(2089858483,0ecaa5967403d082aa24f35e1b516d23)
Start importing Assets/Sprites/Sprites by Menu/Buttons-assets/Pub Yellow Button Claim.png using Guid(fb7ac0112b397ee498f19d7b09a3091b) Importer(2089858483,0ecaa5967403d082aa24f35e1b516d23) Generated GUIDs only implemented for interfaces!
 -> (artifact id: '805c7064434a9078bcbe8fa3206b168e') in 0.130825 seconds
Number of updated asset objects reloaded before import = 0
Number of asset objects unloaded after import = 3
========================================================================
Received Import Request.
  Time since last request: 0.000022 seconds.
  path: Assets/PlayerPrefsEditor/Samples/SampleScene/PlayerPrefsController.cs
  artifactKey: Guid(4004328c339a7cb4fb509e2e5f789688) Importer(2089858483,0ecaa5967403d082aa24f35e1b516d23)
Start importing Assets/PlayerPrefsEditor/Samples/SampleScene/PlayerPrefsController.cs using Guid(4004328c339a7cb4fb509e2e5f789688) Importer(2089858483,0ecaa5967403d082aa24f35e1b516d23) Generated GUIDs only implemented for interfaces!
 -> (artifact id: 'b1474a7128210f4d9192d9b307968eba') in 0.035052 seconds
Number of updated asset objects reloaded before import = 0
Number of asset objects unloaded after import = 1
========================================================================
Received Import Request.
  Time since last request: 0.000019 seconds.
  path: Assets/Sprites/Sprites by Menu/Home-assets/Unlok random 1.png
  artifactKey: Guid(b9830e66ec669db43a52f996d2ec06ef) Importer(2089858483,0ecaa5967403d082aa24f35e1b516d23)
Start importing Assets/Sprites/Sprites by Menu/Home-assets/Unlok random 1.png using Guid(b9830e66ec669db43a52f996d2ec06ef) Importer(2089858483,0ecaa5967403d082aa24f35e1b516d23) Generated GUIDs only implemented for interfaces!
 -> (artifact id: '8855be9d50465b789577b13e6e46ecd8') in 0.080010 seconds
Number of updated asset objects reloaded before import = 0
Number of asset objects unloaded after import = 3
========================================================================
Received Import Request.
  Time since last request: 0.000027 seconds.
  path: Assets/Sprites/Sprites by Menu/Home-assets/Blue Case.png
  artifactKey: Guid(327113961af8f3544a88e0736169acc7) Importer(2089858483,0ecaa5967403d082aa24f35e1b516d23)
Start importing Assets/Sprites/Sprites by Menu/Home-assets/Blue Case.png using Guid(327113961af8f3544a88e0736169acc7) Importer(2089858483,0ecaa5967403d082aa24f35e1b516d23) Generated GUIDs only implemented for interfaces!
 -> (artifact id: 'bad5d6a41d94c896997c8c2eee1de57c') in 0.059007 seconds
Number of updated asset objects reloaded before import = 0
Number of asset objects unloaded after import = 3
========================================================================
Received Import Request.
  Time since last request: 0.000029 seconds.
  path: Assets/Sprites/Sprites by Menu/In Game-assets/20.png
  artifactKey: Guid(ea5f2d2be15a23b4c820294413dc1cbc) Importer(2089858483,0ecaa5967403d082aa24f35e1b516d23)
Start importing Assets/Sprites/Sprites by Menu/In Game-assets/20.png using Guid(ea5f2d2be15a23b4c820294413dc1cbc) Importer(2089858483,0ecaa5967403d082aa24f35e1b516d23) Generated GUIDs only implemented for interfaces!
 -> (artifact id: 'b9d8f9605829d296644d50e4e1835408') in 0.057559 seconds
Number of updated asset objects reloaded before import = 0
Number of asset objects unloaded after import = 3
========================================================================
Received Import Request.
  Time since last request: 0.000021 seconds.
  path: Assets/Sprites/Sprites by Menu/Buttons-assets/Yellow Buton OK.png
  artifactKey: Guid(87868cb453e5e8d4a879d02076d35130) Importer(2089858483,0ecaa5967403d082aa24f35e1b516d23)
Start importing Assets/Sprites/Sprites by Menu/Buttons-assets/Yellow Buton OK.png using Guid(87868cb453e5e8d4a879d02076d35130) Importer(2089858483,0ecaa5967403d082aa24f35e1b516d23) Generated GUIDs only implemented for interfaces!
 -> (artifact id: 'f5f2f46224ca1cfd73fda480b2cede76') in 0.054970 seconds
Number of updated asset objects reloaded before import = 0
Number of asset objects unloaded after import = 3
========================================================================
Received Import Request.
  Time since last request: 0.000798 seconds.
  path: Assets/Sprites/Sprites by Menu/Buttons-assets/Purple Button Start.png
  artifactKey: Guid(00198177e91b44949ac6b8064deda445) Importer(2089858483,0ecaa5967403d082aa24f35e1b516d23)
Start importing Assets/Sprites/Sprites by Menu/Buttons-assets/Purple Button Start.png using Guid(00198177e91b44949ac6b8064deda445) Importer(2089858483,0ecaa5967403d082aa24f35e1b516d23) Generated GUIDs only implemented for interfaces!
 -> (artifact id: '9281721547871664953f5fd536e32118') in 0.065480 seconds
Number of updated asset objects reloaded before import = 0
Number of asset objects unloaded after import = 3
========================================================================
Received Import Request.
  Time since last request: 0.000022 seconds.
  path: Assets/Sprites/Sprites by Menu/Buttons-assets/Yellow Button Continue.png
  artifactKey: Guid(9c50ced7c640d594a92bbc0a3a316e4a) Importer(2089858483,0ecaa5967403d082aa24f35e1b516d23)
Start importing Assets/Sprites/Sprites by Menu/Buttons-assets/Yellow Button Continue.png using Guid(9c50ced7c640d594a92bbc0a3a316e4a) Importer(2089858483,0ecaa5967403d082aa24f35e1b516d23) Generated GUIDs only implemented for interfaces!
 -> (artifact id: '3bcb6eb810cc64b625628e168c47988c') in 0.056367 seconds
Number of updated asset objects reloaded before import = 0
Number of asset objects unloaded after import = 3
========================================================================
Received Import Request.
  Time since last request: 0.000029 seconds.
  path: Assets/Sprites/Sprites by Menu/Home-assets/Info.png
  artifactKey: Guid(247da15df62d6d646ab7b72c97eebed8) Importer(2089858483,0ecaa5967403d082aa24f35e1b516d23)
Start importing Assets/Sprites/Sprites by Menu/Home-assets/Info.png using Guid(247da15df62d6d646ab7b72c97eebed8) Importer(2089858483,0ecaa5967403d082aa24f35e1b516d23) Generated GUIDs only implemented for interfaces!
 -> (artifact id: '2eb61fdd25bbe2675d116234dd6d9e1d') in 0.058679 seconds
Number of updated asset objects reloaded before import = 0
Number of asset objects unloaded after import = 3
========================================================================
Received Import Request.
  Time since last request: 0.000110 seconds.
  path: Assets/Sprites/Sprites by Menu/Home-assets/UnlockButtonGrey.png
  artifactKey: Guid(f61b0e1cd8abe0448a0f47d6f1a6c007) Importer(2089858483,0ecaa5967403d082aa24f35e1b516d23)
Start importing Assets/Sprites/Sprites by Menu/Home-assets/UnlockButtonGrey.png using Guid(f61b0e1cd8abe0448a0f47d6f1a6c007) Importer(2089858483,0ecaa5967403d082aa24f35e1b516d23) Generated GUIDs only implemented for interfaces!
 -> (artifact id: 'a0088551c64e239435020b0a8fd3a53e') in 0.056718 seconds
Number of updated asset objects reloaded before import = 0
Number of asset objects unloaded after import = 3
========================================================================
Received Import Request.
  Time since last request: 0.000023 seconds.
  path: Assets/Sprites/Sprites by Menu/Win-assets/Green Gift Progress Bar.png
  artifactKey: Guid(2f8f192ec5962be43870a84bb98c9357) Importer(2089858483,0ecaa5967403d082aa24f35e1b516d23)
Start importing Assets/Sprites/Sprites by Menu/Win-assets/Green Gift Progress Bar.png using Guid(2f8f192ec5962be43870a84bb98c9357) Importer(2089858483,0ecaa5967403d082aa24f35e1b516d23) Generated GUIDs only implemented for interfaces!
 -> (artifact id: 'e86c2abc937b3ecd753d3d6834448585') in 0.057169 seconds
Number of updated asset objects reloaded before import = 0
Number of asset objects unloaded after import = 3
========================================================================
Received Import Request.
  Time since last request: 0.000023 seconds.
  path: Assets/Sprites/Sprites by Menu/In Game-assets/Blue Elipse.png
  artifactKey: Guid(6de016aea3d91b345b2e6caa8d1793e3) Importer(2089858483,0ecaa5967403d082aa24f35e1b516d23)
Start importing Assets/Sprites/Sprites by Menu/In Game-assets/Blue Elipse.png using Guid(6de016aea3d91b345b2e6caa8d1793e3) Importer(2089858483,0ecaa5967403d082aa24f35e1b516d23) Generated GUIDs only implemented for interfaces!
 -> (artifact id: 'f4f16ff14712cae0bb956f5f8b19a85a') in 0.050530 seconds
Number of updated asset objects reloaded before import = 0
Number of asset objects unloaded after import = 3
========================================================================
Received Import Request.
  Time since last request: 0.000029 seconds.
  path: Assets/Sprites/Sprites by Menu/In Game-assets/AWESOME___.png
  artifactKey: Guid(d8bdf83351e01b54fbef43d94c8f42ed) Importer(2089858483,0ecaa5967403d082aa24f35e1b516d23)
Start importing Assets/Sprites/Sprites by Menu/In Game-assets/AWESOME___.png using Guid(d8bdf83351e01b54fbef43d94c8f42ed) Importer(2089858483,0ecaa5967403d082aa24f35e1b516d23) Generated GUIDs only implemented for interfaces!
 -> (artifact id: '97c2828450d5abd7b2e73cbae7a993b6') in 0.056867 seconds
Number of updated asset objects reloaded before import = 0
Number of asset objects unloaded after import = 3
========================================================================
Received Import Request.
  Time since last request: 0.000018 seconds.
  path: Assets/Sprites/Sprites by Menu/Win-assets/WIN.png
  artifactKey: Guid(fc80050ad8ad4274f824eb02c8dff534) Importer(2089858483,0ecaa5967403d082aa24f35e1b516d23)
Start importing Assets/Sprites/Sprites by Menu/Win-assets/WIN.png using Guid(fc80050ad8ad4274f824eb02c8dff534) Importer(2089858483,0ecaa5967403d082aa24f35e1b516d23) Generated GUIDs only implemented for interfaces!
 -> (artifact id: '0694b0a9d55ad428f6f43f7965337bd0') in 0.056382 seconds
Number of updated asset objects reloaded before import = 0
Number of asset objects unloaded after import = 3
========================================================================
Received Import Request.
  Time since last request: 0.000022 seconds.
  path: Assets/Sprites/Sprites by Menu/Prize Machine-assets/Background Chest Prize Machine.png
  artifactKey: Guid(217f330862ace4a4f9768f10baeb4aa6) Importer(2089858483,0ecaa5967403d082aa24f35e1b516d23)
Start importing Assets/Sprites/Sprites by Menu/Prize Machine-assets/Background Chest Prize Machine.png using Guid(217f330862ace4a4f9768f10baeb4aa6) Importer(2089858483,0ecaa5967403d082aa24f35e1b516d23) Generated GUIDs only implemented for interfaces!
 -> (artifact id: 'ef337ca89cfb5cef070f26a158a26dfa') in 0.138999 seconds
Number of updated asset objects reloaded before import = 0
Number of asset objects unloaded after import = 3
========================================================================
Received Import Request.
  Time since last request: 0.000200 seconds.
  path: Assets/Sprites/Sprites by Menu/In Game-assets/Background tuto.png
  artifactKey: Guid(43fce117e5346e24eabbf57926e68dc8) Importer(2089858483,0ecaa5967403d082aa24f35e1b516d23)
Start importing Assets/Sprites/Sprites by Menu/In Game-assets/Background tuto.png using Guid(43fce117e5346e24eabbf57926e68dc8) Importer(2089858483,0ecaa5967403d082aa24f35e1b516d23) Generated GUIDs only implemented for interfaces!
 -> (artifact id: '600446f5020adb9b0929f107a3ca79e6') in 0.133499 seconds
Number of updated asset objects reloaded before import = 0
Number of asset objects unloaded after import = 3
========================================================================
Received Import Request.
  Time since last request: 0.001726 seconds.
  path: Assets/PathCreator/Core/Editor/Helper/PathHandle.cs
  artifactKey: Guid(804ddb43548540a4ca3b0a534a75c4b3) Importer(2089858483,0ecaa5967403d082aa24f35e1b516d23)
Start importing Assets/PathCreator/Core/Editor/Helper/PathHandle.cs using Guid(804ddb43548540a4ca3b0a534a75c4b3) Importer(2089858483,0ecaa5967403d082aa24f35e1b516d23) Generated GUIDs only implemented for interfaces!
 -> (artifact id: 'd54759559796af01a331f4133fb50976') in 0.030788 seconds
Number of updated asset objects reloaded before import = 0
Number of asset objects unloaded after import = 1
========================================================================
Received Import Request.
  Time since last request: 0.000115 seconds.
  path: Assets/PathCreator/Core/Runtime/Objects/GlobalDisplaySettings.cs
  artifactKey: Guid(46d5e8d803e252f4499b52e657f8e1a2) Importer(2089858483,0ecaa5967403d082aa24f35e1b516d23)
Start importing Assets/PathCreator/Core/Runtime/Objects/GlobalDisplaySettings.cs using Guid(46d5e8d803e252f4499b52e657f8e1a2) Importer(2089858483,0ecaa5967403d082aa24f35e1b516d23) Generated GUIDs only implemented for interfaces!
 -> (artifact id: 'b2dfb228029aa063aaeeab0e4e4dfe1e') in 0.063202 seconds
Number of updated asset objects reloaded before import = 0
Number of asset objects unloaded after import = 1
========================================================================
Received Import Request.
  Time since last request: 0.000027 seconds.
  path: Assets/PathCreator/Core/Editor/Helper/MouseUtility.cs
  artifactKey: Guid(bd0de63ca5c52504a8d2063418a326c3) Importer(2089858483,0ecaa5967403d082aa24f35e1b516d23)
Start importing Assets/PathCreator/Core/Editor/Helper/MouseUtility.cs using Guid(bd0de63ca5c52504a8d2063418a326c3) Importer(2089858483,0ecaa5967403d082aa24f35e1b516d23) Generated GUIDs only implemented for interfaces!
 -> (artifact id: '9c6b1ccfb9e7783b3d3b658551486e54') in 0.028259 seconds
Number of updated asset objects reloaded before import = 0
Number of asset objects unloaded after import = 1
========================================================================
Received Import Request.
  Time since last request: 0.000084 seconds.
  path: Assets/GoogleMobileAds/Editor/Resources/PlaceholderAds/Banners/LARGE_BANNER.prefab
  artifactKey: Guid(2758392ec5c0c413886eaf50350c125e) Importer(2089858483,0ecaa5967403d082aa24f35e1b516d23)
Start importing Assets/GoogleMobileAds/Editor/Resources/PlaceholderAds/Banners/LARGE_BANNER.prefab using Guid(2758392ec5c0c413886eaf50350c125e) Importer(2089858483,0ecaa5967403d082aa24f35e1b516d23) Generated GUIDs only implemented for interfaces!
 -> (artifact id: 'fec2697e3335a6345c4f7004ea80ecc4') in 0.130176 seconds
Number of updated asset objects reloaded before import = 0
Number of asset objects unloaded after import = 13
========================================================================
Received Import Request.
  Time since last request: 0.000022 seconds.
  path: Assets/PathCreator/Core/Runtime/Objects/VertexPath.cs
  artifactKey: Guid(223183313f20d4049a397d83fab3151e) Importer(2089858483,0ecaa5967403d082aa24f35e1b516d23)
Start importing Assets/PathCreator/Core/Runtime/Objects/VertexPath.cs using Guid(223183313f20d4049a397d83fab3151e) Importer(2089858483,0ecaa5967403d082aa24f35e1b516d23) Generated GUIDs only implemented for interfaces!
 -> (artifact id: '5a020216cb365dce1dfea1640eeb3a7c') in 0.064295 seconds
Number of updated asset objects reloaded before import = 0
Number of asset objects unloaded after import = 1
========================================================================
Received Import Request.
  Time since last request: 0.000111 seconds.
  path: Assets/GoogleMobileAds/Editor/Resources/PlaceholderAds/AdImages/468x60.png
  artifactKey: Guid(74358f5fb13a549aabac4a5a7ac76739) Importer(2089858483,0ecaa5967403d082aa24f35e1b516d23)
Start importing Assets/GoogleMobileAds/Editor/Resources/PlaceholderAds/AdImages/468x60.png using Guid(74358f5fb13a549aabac4a5a7ac76739) Importer(2089858483,0ecaa5967403d082aa24f35e1b516d23) Generated GUIDs only implemented for interfaces!
 -> (artifact id: 'dd3ee88ddda0764eeb6d7f6e92ae99bc') in 0.092099 seconds
Number of updated asset objects reloaded before import = 0
Number of asset objects unloaded after import = 3
========================================================================
Received Import Request.
  Time since last request: 0.000033 seconds.
  path: Assets/Sprites/Sprites by Menu/In Game-assets/Square Yellow.png
  artifactKey: Guid(db6eb1ed0e4daba4b938000ac1079c66) Importer(2089858483,0ecaa5967403d082aa24f35e1b516d23)
Start importing Assets/Sprites/Sprites by Menu/In Game-assets/Square Yellow.png using Guid(db6eb1ed0e4daba4b938000ac1079c66) Importer(2089858483,0ecaa5967403d082aa24f35e1b516d23) Generated GUIDs only implemented for interfaces!
 -> (artifact id: '778fcc975ed00a6df110067ec6c7f214') in 0.122914 seconds
Number of updated asset objects reloaded before import = 0
Number of asset objects unloaded after import = 3
========================================================================
Received Import Request.
  Time since last request: 0.000025 seconds.
  path: Assets/Sprites/Sprites by Menu/In Game-assets/Barre de progression 2.png
  artifactKey: Guid(76ed72896eecfdc49aefdc94f544ff58) Importer(2089858483,0ecaa5967403d082aa24f35e1b516d23)
Start importing Assets/Sprites/Sprites by Menu/In Game-assets/Barre de progression 2.png using Guid(76ed72896eecfdc49aefdc94f544ff58) Importer(2089858483,0ecaa5967403d082aa24f35e1b516d23) Generated GUIDs only implemented for interfaces!
 -> (artifact id: '78f1c9d92935bae69947b2ab5ceb1682') in 0.125584 seconds
Number of updated asset objects reloaded before import = 0
Number of asset objects unloaded after import = 3
Editor requested this worker to shutdown with reason: balancing worker count downwards
TcpMessagingSession - receive error: operation aborted. errorcode: 995, details: The I/O operation has been aborted because of either a thread exit or an application request.
AssetImportWorker is now disconnected from the server
Process exiting
Exiting without the bug reporter. Application will terminate with return code 0