Using pre-set license
Built from '2022.3/staging' branch; Version is '2022.3.1f1 (f18e0c1b5784) revision 15830540'; Using compiler version '192829333'; Build Type 'Release'
OS: 'Windows 11  (10.0.22631) 64bit Professional' Language: 'en' Physical Memory: 16251 MB
BatchMode: 1, IsHumanControllingUs: 0, StartBugReporterOnCrash: 0, Is64bit: 1, IsPro: 1

COMMAND LINE ARGUMENTS:
C:\Program Files\Unity 2022.3.1f1\Editor\Unity.exe
-adb2
-batchMode
-noUpm
-name
AssetImportWorker0
-projectPath
E:/UnityGames/HyperCasual/Hyper-Casual-Runner
-logFile
Logs/AssetImportWorker0.log
-srvPort
55956
Successfully changed project path to: E:/UnityGames/HyperCasual/Hyper-Casual-Runner
E:/UnityGames/HyperCasual/Hyper-Casual-Runner
[UnityMemory] Configuration Parameters - Can be set up in boot.config
    "memorysetup-bucket-allocator-granularity=16"
    "memorysetup-bucket-allocator-bucket-count=8"
    "memorysetup-bucket-allocator-block-size=33554432"
    "memorysetup-bucket-allocator-block-count=8"
    "memorysetup-main-allocator-block-size=16777216"
    "memorysetup-thread-allocator-block-size=16777216"
    "memorysetup-gfx-main-allocator-block-size=16777216"
    "memorysetup-gfx-thread-allocator-block-size=16777216"
    "memorysetup-cache-allocator-block-size=4194304"
    "memorysetup-typetree-allocator-block-size=2097152"
    "memorysetup-profiler-bucket-allocator-granularity=16"
    "memorysetup-profiler-bucket-allocator-bucket-count=8"
    "memorysetup-profiler-bucket-allocator-block-size=33554432"
    "memorysetup-profiler-bucket-allocator-block-count=8"
    "memorysetup-profiler-allocator-block-size=16777216"
    "memorysetup-profiler-editor-allocator-block-size=1048576"
    "memorysetup-temp-allocator-size-main=16777216"
    "memorysetup-job-temp-allocator-block-size=2097152"
    "memorysetup-job-temp-allocator-block-size-background=1048576"
    "memorysetup-job-temp-allocator-reduction-small-platforms=262144"
    "memorysetup-allocator-temp-initial-block-size-main=262144"
    "memorysetup-allocator-temp-initial-block-size-worker=262144"
    "memorysetup-temp-allocator-size-background-worker=32768"
    "memorysetup-temp-allocator-size-job-worker=262144"
    "memorysetup-temp-allocator-size-preload-manager=33554432"
    "memorysetup-temp-allocator-size-nav-mesh-worker=65536"
    "memorysetup-temp-allocator-size-audio-worker=65536"
    "memorysetup-temp-allocator-size-cloud-worker=32768"
    "memorysetup-temp-allocator-size-gi-baking-worker=262144"
    "memorysetup-temp-allocator-size-gfx=262144"
Player connection [16272] Host "[IP] 172.26.0.1 [Port] 0 [Flags] 2 [Guid] 424000517 [EditorId] 424000517 [Version] 1048832 [Id] WindowsEditor(7,Legion5) [Debug] 1 [PackageName] WindowsEditor [ProjectName] Editor" joined multi-casting on [225.0.0.222:54997]...

Player connection [16272] Host "[IP] 172.26.0.1 [Port] 0 [Flags] 2 [Guid] 424000517 [EditorId] 424000517 [Version] 1048832 [Id] WindowsEditor(7,Legion5) [Debug] 1 [PackageName] WindowsEditor [ProjectName] Editor" joined alternative multi-casting on [225.0.0.222:34997]...

Refreshing native plugins compatible for Editor in 15.95 ms, found 4 plugins.
Preloading 0 native plugins for Editor in 0.00 ms.
Initialize engine version: 2022.3.1f1 (f18e0c1b5784)
[Subsystems] Discovering subsystems at path C:/Program Files/Unity 2022.3.1f1/Editor/Data/Resources/UnitySubsystems
[Subsystems] Discovering subsystems at path E:/UnityGames/HyperCasual/Hyper-Casual-Runner/Assets
GfxDevice: creating device client; threaded=0; jobified=0
Direct3D:
    Version:  Direct3D 11.0 [level 11.1]
    Renderer: NVIDIA GeForce RTX 2060 (ID=0x1f15)
    Vendor:   NVIDIA
    VRAM:     5969 MB
    Driver:   31.0.15.4617
Initialize mono
Mono path[0] = 'C:/Program Files/Unity 2022.3.1f1/Editor/Data/Managed'
Mono path[1] = 'C:/Program Files/Unity 2022.3.1f1/Editor/Data/MonoBleedingEdge/lib/mono/unityjit-win32'
Mono config path = 'C:/Program Files/Unity 2022.3.1f1/Editor/Data/MonoBleedingEdge/etc'
Using monoOptions --debugger-agent=transport=dt_socket,embedding=1,server=y,suspend=n,address=127.0.0.1:56692
Begin MonoManager ReloadAssembly
Registering precompiled unity dll's ...
Register platform support module: C:/Program Files/Unity 2022.3.1f1/Editor/Data/PlaybackEngines/WebGLSupport/UnityEditor.WebGL.Extensions.dll
Register platform support module: C:/Program Files/Unity 2022.3.1f1/Editor/Data/PlaybackEngines/WindowsStandaloneSupport/UnityEditor.WindowsStandalone.Extensions.dll
Registered in 0.007884 seconds.
- Loaded All Assemblies, in  0.320 seconds
Native extension for WindowsStandalone target not found
Native extension for WebGL target not found
Mono: successfully reloaded assembly
- Finished resetting the current domain, in  0.242 seconds
Domain Reload Profiling: 561ms
	BeginReloadAssembly (89ms)
		ExecutionOrderSort (0ms)
		DisableScriptedObjects (0ms)
		BackupInstance (0ms)
		ReleaseScriptingObjects (0ms)
		CreateAndSetChildDomain (1ms)
	RebuildCommonClasses (31ms)
	RebuildNativeTypeToScriptingClass (10ms)
	initialDomainReloadingComplete (56ms)
	LoadAllAssembliesAndSetupDomain (132ms)
		LoadAssemblies (86ms)
		RebuildTransferFunctionScriptingTraits (0ms)
		AnalyzeDomain (126ms)
			TypeCache.Refresh (125ms)
				TypeCache.ScanAssembly (114ms)
			ScanForSourceGeneratedMonoScriptInfo (0ms)
			ResolveRequiredComponents (0ms)
	FinalizeReload (243ms)
		ReleaseScriptCaches (0ms)
		RebuildScriptCaches (0ms)
		SetupLoadedEditorAssemblies (186ms)
			LogAssemblyErrors (0ms)
			InitializePlatformSupportModulesInManaged (10ms)
			SetLoadedEditorAssemblies (6ms)
			RefreshPlugins (0ms)
			BeforeProcessingInitializeOnLoad (3ms)
			ProcessInitializeOnLoadAttributes (125ms)
			ProcessInitializeOnLoadMethodAttributes (43ms)
			AfterProcessingInitializeOnLoad (0ms)
			EditorAssembliesLoaded (0ms)
		ExecutionOrderSort2 (0ms)
		AwakeInstancesAfterBackupRestoration (0ms)
========================================================================
Worker process is ready to serve import requests
Begin MonoManager ReloadAssembly
Symbol file LoadedFromMemory doesn't match image E:\UnityGames\HyperCasual\Hyper-Casual-Runner\Library\PackageCache\com.unity.visualscripting@1.8.0\Editor\VisualScripting.Core\Dependencies\YamlDotNet\Unity.VisualScripting.YamlDotNet.dll
Symbol file LoadedFromMemory doesn't match image E:\UnityGames\HyperCasual\Hyper-Casual-Runner\Library\PackageCache\com.unity.visualscripting@1.8.0\Editor\VisualScripting.Core\Dependencies\DotNetZip\Unity.VisualScripting.IonicZip.dll
Assembly 'Assets/ExternalDependencyManager/Editor/1.2.176/Google.IOSResolver.dll' will not be loaded due to errors:
Unable to resolve reference 'UnityEditor.iOS.Extensions.Xcode'. Is the assembly missing or incompatible with the current platform?
Reference validation can be disabled in the Plugin Inspector.
- Loaded All Assemblies, in  0.976 seconds
Refreshing native plugins compatible for Editor in 5.51 ms, found 4 plugins.
Native extension for WindowsStandalone target not found
Native extension for WebGL target not found
Mono: successfully reloaded assembly
- Finished resetting the current domain, in  0.709 seconds
Domain Reload Profiling: 1682ms
	BeginReloadAssembly (131ms)
		ExecutionOrderSort (0ms)
		DisableScriptedObjects (5ms)
		BackupInstance (0ms)
		ReleaseScriptingObjects (0ms)
		CreateAndSetChildDomain (21ms)
	RebuildCommonClasses (33ms)
	RebuildNativeTypeToScriptingClass (12ms)
	initialDomainReloadingComplete (44ms)
	LoadAllAssembliesAndSetupDomain (753ms)
		LoadAssemblies (432ms)
		RebuildTransferFunctionScriptingTraits (0ms)
		AnalyzeDomain (383ms)
			TypeCache.Refresh (342ms)
				TypeCache.ScanAssembly (329ms)
			ScanForSourceGeneratedMonoScriptInfo (32ms)
			ResolveRequiredComponents (10ms)
	FinalizeReload (710ms)
		ReleaseScriptCaches (0ms)
		RebuildScriptCaches (0ms)
		SetupLoadedEditorAssemblies (541ms)
			LogAssemblyErrors (0ms)
			InitializePlatformSupportModulesInManaged (8ms)
			SetLoadedEditorAssemblies (7ms)
			RefreshPlugins (0ms)
			BeforeProcessingInitializeOnLoad (143ms)
			ProcessInitializeOnLoadAttributes (310ms)
			ProcessInitializeOnLoadMethodAttributes (65ms)
			AfterProcessingInitializeOnLoad (8ms)
			EditorAssembliesLoaded (0ms)
		ExecutionOrderSort2 (0ms)
		AwakeInstancesAfterBackupRestoration (6ms)
Launched and connected shader compiler UnityShaderCompiler.exe after 0.04 seconds
Refreshing native plugins compatible for Editor in 8.43 ms, found 4 plugins.
Preloading 0 native plugins for Editor in 0.00 ms.
Unloading 6099 Unused Serialized files (Serialized files now loaded: 0)
Unloading 108 unused Assets / (398.0 KB). Loaded Objects now: 6571.
Memory consumption went from 237.4 MB to 237.0 MB.
Total: 4.511400 ms (FindLiveObjects: 0.644300 ms CreateObjectMapping: 0.560000 ms MarkObjects: 3.054800 ms  DeleteObjects: 0.251200 ms)

AssetImportParameters requested are different than current active one (requested -> active):
  custom:container-demuxer-ogg: 62fdf1f143b41e24485cea50d1cbac27 -> 
  custom:video-codec-MediaFoundation-h265: 746d11721c4dcdbdad8f713fa42b33f4 -> 
  custom:video-decoder-ogg-theora: a1e56fd34408186e4bbccfd4996cb3dc -> 
  custom:framework-win-MediaFoundation: 216162199b28c13a410421893ffa2e32 -> 
  custom:container-demuxer-webm: 4f35f7cbe854078d1ac9338744f61a02 -> 
  custom:container-muxer-webm: aa71ff27fc2769a1b78a27578f13a17b -> 
  custom:video-decoder-webm-vp8: 9c59270c3fd7afecdb556c50c9e8de78 -> 
  custom:AudioImporter_EditorPlatform: d09bf68614088b80899f8185d706f6e7 -> 
  custom:video-encoder-webm-vp8: eb34c28f22e8b96e1ab97ce403110664 -> 
  custom:audio-decoder-ogg-vorbis: bf7c407c2cedff20999df2af8eb42d56 -> 
  custom:audio-encoder-webm-vorbis: bf7c407c2cedff20999df2af8eb42d56 -> 
========================================================================
Received Import Request.
  Time since last request: 77611.776382 seconds.
  path: Assets/Scenes/Level 1.unity
  artifactKey: Guid(39bad7fa6f34f0949baf09f9293e4b59) Importer(815301076,1909f56bfc062723c751e8b465ee728b)
Start importing Assets/Scenes/Level 1.unity using Guid(39bad7fa6f34f0949baf09f9293e4b59) Importer(815301076,1909f56bfc062723c751e8b465ee728b)  -> (artifact id: 'd8ed80def7366901ac7989bbaf7de104') in 0.002571 seconds
Number of updated asset objects reloaded before import = 0
Number of asset objects unloaded after import = 0
========================================================================
Received Import Request.
  Time since last request: 7.737327 seconds.
  path: Assets/Scenes/Level 4.unity
  artifactKey: Guid(3a9671f5cb369cf4a9a7b74fd509b551) Importer(815301076,1909f56bfc062723c751e8b465ee728b)
Start importing Assets/Scenes/Level 4.unity using Guid(3a9671f5cb369cf4a9a7b74fd509b551) Importer(815301076,1909f56bfc062723c751e8b465ee728b)  -> (artifact id: 'ed67a613ccb32df20b9086268442abc7') in 0.001347 seconds
Number of updated asset objects reloaded before import = 0
Number of asset objects unloaded after import = 0
========================================================================
Received Import Request.
  Time since last request: 157.420525 seconds.
  path: Assets/Fonts
  artifactKey: Guid(258dd9fd93535384289b3e454cc2c68d) Importer(815301076,1909f56bfc062723c751e8b465ee728b)
Start importing Assets/Fonts using Guid(258dd9fd93535384289b3e454cc2c68d) Importer(815301076,1909f56bfc062723c751e8b465ee728b)  -> (artifact id: 'd99677f36117c1dd29886ff30248f1b2') in 0.000468 seconds
Number of updated asset objects reloaded before import = 0
Number of asset objects unloaded after import = 0
========================================================================
Received Import Request.
  Time since last request: 4.360677 seconds.
  path: Assets/Downtown Game Studio/LOW POLY ASSETS - Animated Traps & Obstacles + VFX/Animations
  artifactKey: Guid(6a127018419167c44bdec80b1d670384) Importer(815301076,1909f56bfc062723c751e8b465ee728b)
Start importing Assets/Downtown Game Studio/LOW POLY ASSETS - Animated Traps & Obstacles + VFX/Animations using Guid(6a127018419167c44bdec80b1d670384) Importer(815301076,1909f56bfc062723c751e8b465ee728b)  -> (artifact id: '1f9330890544803b9f20aba805aa36cb') in 0.000399 seconds
Number of updated asset objects reloaded before import = 0
Number of asset objects unloaded after import = 0
========================================================================
Received Import Request.
  Time since last request: 0.207894 seconds.
  path: Assets/Downtown Game Studio/LOW POLY ASSETS - Animated Traps & Obstacles + VFX/Animators
  artifactKey: Guid(a562d5e527b1a724ca6cee9f27598afa) Importer(815301076,1909f56bfc062723c751e8b465ee728b)
Start importing Assets/Downtown Game Studio/LOW POLY ASSETS - Animated Traps & Obstacles + VFX/Animators using Guid(a562d5e527b1a724ca6cee9f27598afa) Importer(815301076,1909f56bfc062723c751e8b465ee728b)  -> (artifact id: '61810271031270e775cbd8694504f898') in 0.000397 seconds
Number of updated asset objects reloaded before import = 0
Number of asset objects unloaded after import = 0
========================================================================
Received Import Request.
  Time since last request: 10.887344 seconds.
  path: Assets/Downtown Game Studio/LOW POLY ASSETS - Animated Traps & Obstacles + VFX/Models
  artifactKey: Guid(a51c0ca9414d89c45b8b0a3d952195af) Importer(815301076,1909f56bfc062723c751e8b465ee728b)
Start importing Assets/Downtown Game Studio/LOW POLY ASSETS - Animated Traps & Obstacles + VFX/Models using Guid(a51c0ca9414d89c45b8b0a3d952195af) Importer(815301076,1909f56bfc062723c751e8b465ee728b)  -> (artifact id: 'e47b5c42efd6fe8c024e0b39d14406aa') in 0.011390 seconds
Number of updated asset objects reloaded before import = 0
Number of asset objects unloaded after import = 0
========================================================================
Received Import Request.
  Time since last request: 6.155600 seconds.
  path: Assets/Downtown Game Studio/LOW POLY ASSETS - Animated Traps & Obstacles + VFX/Scenes/SampleScene 1.unity
  artifactKey: Guid(3cfd08d504555804e9d8ffa0b8bcd458) Importer(815301076,1909f56bfc062723c751e8b465ee728b)
Start importing Assets/Downtown Game Studio/LOW POLY ASSETS - Animated Traps & Obstacles + VFX/Scenes/SampleScene 1.unity using Guid(3cfd08d504555804e9d8ffa0b8bcd458) Importer(815301076,1909f56bfc062723c751e8b465ee728b)  -> (artifact id: 'ad5dc508c774216f85b3a5da9ae84244') in 0.000401 seconds
Number of updated asset objects reloaded before import = 0
Number of asset objects unloaded after import = 0
========================================================================
Received Import Request.
  Time since last request: 55.548217 seconds.
  path: Assets/Textures
  artifactKey: Guid(75f35feeb5cbfee439e035e09d01af78) Importer(815301076,1909f56bfc062723c751e8b465ee728b)
Start importing Assets/Textures using Guid(75f35feeb5cbfee439e035e09d01af78) Importer(815301076,1909f56bfc062723c751e8b465ee728b)  -> (artifact id: 'c5065094337e414affc76e08f84a4df6') in 0.000406 seconds
Number of updated asset objects reloaded before import = 0
Number of asset objects unloaded after import = 0
========================================================================
Received Import Request.
  Time since last request: 1.496865 seconds.
  path: Assets/Textures/circle.png
  artifactKey: Guid(ba18845292434494db44027af5c717fa) Importer(815301076,1909f56bfc062723c751e8b465ee728b)
Start importing Assets/Textures/circle.png using Guid(ba18845292434494db44027af5c717fa) Importer(815301076,1909f56bfc062723c751e8b465ee728b)  -> (artifact id: '4e526ed10677b64df4b68bbfb39c9b34') in 0.002612 seconds
Number of updated asset objects reloaded before import = 0
Number of asset objects unloaded after import = 1
========================================================================
Received Import Request.
  Time since last request: 3.963579 seconds.
  path: Assets/Scripts
  artifactKey: Guid(0a4ffb5d9271b1544bb26c074461d725) Importer(815301076,1909f56bfc062723c751e8b465ee728b)
Start importing Assets/Scripts using Guid(0a4ffb5d9271b1544bb26c074461d725) Importer(815301076,1909f56bfc062723c751e8b465ee728b)  -> (artifact id: '25ac88177ebc552802f3895dce009427') in 0.000455 seconds
Number of updated asset objects reloaded before import = 0
Number of asset objects unloaded after import = 0
========================================================================
Received Import Request.
  Time since last request: 8.173115 seconds.
  path: Assets/Sprites
  artifactKey: Guid(90e06c271e5c02240829e7909c0c1fae) Importer(815301076,1909f56bfc062723c751e8b465ee728b)
Start importing Assets/Sprites using Guid(90e06c271e5c02240829e7909c0c1fae) Importer(815301076,1909f56bfc062723c751e8b465ee728b)  -> (artifact id: '1708280b0c431a4381dd2458de9e7756') in 0.000419 seconds
Number of updated asset objects reloaded before import = 0
Number of asset objects unloaded after import = 0
========================================================================
Received Import Request.
  Time since last request: 0.947981 seconds.
  path: Assets/Sprites/Emojis
  artifactKey: Guid(36ddf92222c8acf429ee43e3f645ad60) Importer(815301076,1909f56bfc062723c751e8b465ee728b)
Start importing Assets/Sprites/Emojis using Guid(36ddf92222c8acf429ee43e3f645ad60) Importer(815301076,1909f56bfc062723c751e8b465ee728b)  -> (artifact id: 'a04693075d49da7ccbeceee4b2c7c37e') in 0.000483 seconds
Number of updated asset objects reloaded before import = 0
Number of asset objects unloaded after import = 0
========================================================================
Received Import Request.
  Time since last request: 1.864802 seconds.
  path: Assets/Sprites/Emojis/6.png
  artifactKey: Guid(1b50e797053adcc4d8f4a4ce5a1bf634) Importer(815301076,1909f56bfc062723c751e8b465ee728b)
Start importing Assets/Sprites/Emojis/6.png using Guid(1b50e797053adcc4d8f4a4ce5a1bf634) Importer(815301076,1909f56bfc062723c751e8b465ee728b)  -> (artifact id: '8911a4414d52546a8cc2e3986d0b0507') in 0.001956 seconds
Number of updated asset objects reloaded before import = 0
Number of asset objects unloaded after import = 2
========================================================================
Received Import Request.
  Time since last request: 0.689419 seconds.
  path: Assets/Sprites/Emojis/5.png
  artifactKey: Guid(e33f7c91dc6333a44b6ffe05afe3e844) Importer(815301076,1909f56bfc062723c751e8b465ee728b)
Start importing Assets/Sprites/Emojis/5.png using Guid(e33f7c91dc6333a44b6ffe05afe3e844) Importer(815301076,1909f56bfc062723c751e8b465ee728b)  -> (artifact id: '34e158b5a503229cf73e1b7c02191155') in 0.001703 seconds
Number of updated asset objects reloaded before import = 0
Number of asset objects unloaded after import = 2
========================================================================
Received Import Request.
  Time since last request: 0.248538 seconds.
  path: Assets/Sprites/Emojis/4.png
  artifactKey: Guid(171aa5d45f4a3c6409a7be948bd8d85a) Importer(815301076,1909f56bfc062723c751e8b465ee728b)
Start importing Assets/Sprites/Emojis/4.png using Guid(171aa5d45f4a3c6409a7be948bd8d85a) Importer(815301076,1909f56bfc062723c751e8b465ee728b)  -> (artifact id: '57049237f0eab0fe97e649e4fc3f2e2a') in 0.001553 seconds
Number of updated asset objects reloaded before import = 0
Number of asset objects unloaded after import = 2
========================================================================
Received Import Request.
  Time since last request: 0.197402 seconds.
  path: Assets/Sprites/Emojis/3.png
  artifactKey: Guid(3e592f17e7832ac4395b8a9bdda63b12) Importer(815301076,1909f56bfc062723c751e8b465ee728b)
Start importing Assets/Sprites/Emojis/3.png using Guid(3e592f17e7832ac4395b8a9bdda63b12) Importer(815301076,1909f56bfc062723c751e8b465ee728b)  -> (artifact id: 'dd8c9d4bf92567a41f2b8dda06d9885c') in 0.001365 seconds
Number of updated asset objects reloaded before import = 0
Number of asset objects unloaded after import = 2
========================================================================
Received Import Request.
  Time since last request: 0.197141 seconds.
  path: Assets/Sprites/Emojis/2.png
  artifactKey: Guid(faf2357edd18fa048ac0e1f9ef1f88ca) Importer(815301076,1909f56bfc062723c751e8b465ee728b)
Start importing Assets/Sprites/Emojis/2.png using Guid(faf2357edd18fa048ac0e1f9ef1f88ca) Importer(815301076,1909f56bfc062723c751e8b465ee728b)  -> (artifact id: '69448c49b6d17d52e8848c776615ff14') in 0.001652 seconds
Number of updated asset objects reloaded before import = 0
Number of asset objects unloaded after import = 2
========================================================================
Received Import Request.
  Time since last request: 0.196744 seconds.
  path: Assets/Sprites/Emojis/1.png
  artifactKey: Guid(afc5c7a5fed647c4583350d94ba73800) Importer(815301076,1909f56bfc062723c751e8b465ee728b)
Start importing Assets/Sprites/Emojis/1.png using Guid(afc5c7a5fed647c4583350d94ba73800) Importer(815301076,1909f56bfc062723c751e8b465ee728b)  -> (artifact id: '79fab51206b8d5d68b5879cae74b6791') in 0.001601 seconds
Number of updated asset objects reloaded before import = 0
Number of asset objects unloaded after import = 2
========================================================================
Received Import Request.
  Time since last request: 1.192471 seconds.
  path: Assets/TextMesh Pro
  artifactKey: Guid(f54d1bd14bd3ca042bd867b519fee8cc) Importer(815301076,1909f56bfc062723c751e8b465ee728b)
Start importing Assets/TextMesh Pro using Guid(f54d1bd14bd3ca042bd867b519fee8cc) Importer(815301076,1909f56bfc062723c751e8b465ee728b)  -> (artifact id: '539788fea73926d38e17274c55d5d4cc') in 0.000611 seconds
Number of updated asset objects reloaded before import = 0
Number of asset objects unloaded after import = 0
========================================================================
Received Import Request.
  Time since last request: 5.896693 seconds.
  path: Assets/Scenes/Level/LightingData.asset
  artifactKey: Guid(3f448c51623563f4eb2efca0fd2bbb81) Importer(815301076,1909f56bfc062723c751e8b465ee728b)
Start importing Assets/Scenes/Level/LightingData.asset using Guid(3f448c51623563f4eb2efca0fd2bbb81) Importer(815301076,1909f56bfc062723c751e8b465ee728b) Lighting data asset ‘LightingData’ is incompatible with the current Unity version because the scene it was baked for was not serialized. Please use Generate Lighting to rebuild the lighting data, or assign the target scene to the Lighting Data Asset in the inspector.
 -> (artifact id: '0054c9413b90793c05e64633c88f0117') in 0.001178 seconds
Number of updated asset objects reloaded before import = 0
Number of asset objects unloaded after import = 1
========================================================================
Received Import Request.
  Time since last request: 0.616534 seconds.
  path: Assets/Scenes/Level/Lightning.lighting
  artifactKey: Guid(d1c9ecfa464ab7b4f9c444ac54fa2910) Importer(815301076,1909f56bfc062723c751e8b465ee728b)
Start importing Assets/Scenes/Level/Lightning.lighting using Guid(d1c9ecfa464ab7b4f9c444ac54fa2910) Importer(815301076,1909f56bfc062723c751e8b465ee728b)  -> (artifact id: '061c2f50803ca6bfe4f4ea289e3c0778') in 0.000954 seconds
Number of updated asset objects reloaded before import = 0
Number of asset objects unloaded after import = 1
========================================================================
Received Import Request.
  Time since last request: 7.521076 seconds.
  path: Assets/Scenes/Level/ReflectionProbe-0.exr
  artifactKey: Guid(1c722c0eaf2dfec40a03a146d86962fc) Importer(815301076,1909f56bfc062723c751e8b465ee728b)
Start importing Assets/Scenes/Level/ReflectionProbe-0.exr using Guid(1c722c0eaf2dfec40a03a146d86962fc) Importer(815301076,1909f56bfc062723c751e8b465ee728b)  -> (artifact id: '76a3ef7c28e7334e498ff0c840ad3c3c') in 0.002254 seconds
Number of updated asset objects reloaded before import = 0
Number of asset objects unloaded after import = 1
========================================================================
Received Import Request.
  Time since last request: 7.046333 seconds.
  path: Assets/Scenes/Level/ReflectionProbe-0.exr
  artifactKey: Guid(1c722c0eaf2dfec40a03a146d86962fc) Importer(815301076,1909f56bfc062723c751e8b465ee728b)
Start importing Assets/Scenes/Level/ReflectionProbe-0.exr using Guid(1c722c0eaf2dfec40a03a146d86962fc) Importer(815301076,1909f56bfc062723c751e8b465ee728b)  -> (artifact id: '5bab0618a60562c89fd5ef11ae718707') in 0.001254 seconds
Number of updated asset objects reloaded before import = 0
Number of asset objects unloaded after import = 1
========================================================================
Received Import Request.
  Time since last request: 4.937527 seconds.
  path: Assets/Resources/DOTweenSettings.asset
  artifactKey: Guid(ad3d216f9069e5e4483b4f50feed35fb) Importer(815301076,1909f56bfc062723c751e8b465ee728b)
Start importing Assets/Resources/DOTweenSettings.asset using Guid(ad3d216f9069e5e4483b4f50feed35fb) Importer(815301076,1909f56bfc062723c751e8b465ee728b)  -> (artifact id: '842ae242bc2f9a4d4da0add217e42f71') in 0.001598 seconds
Number of updated asset objects reloaded before import = 0
Number of asset objects unloaded after import = 1
========================================================================
Received Import Request.
  Time since last request: 1.980350 seconds.
  path: Assets/Prefabs/Food
  artifactKey: Guid(c9f50d5e53afc804a8290a03f0872b09) Importer(815301076,1909f56bfc062723c751e8b465ee728b)
Start importing Assets/Prefabs/Food using Guid(c9f50d5e53afc804a8290a03f0872b09) Importer(815301076,1909f56bfc062723c751e8b465ee728b)  -> (artifact id: '80a492b5c92ad4995bb630639dee9b09') in 0.010757 seconds
Number of updated asset objects reloaded before import = 0
Number of asset objects unloaded after import = 0
========================================================================
Received Import Request.
  Time since last request: 0.716396 seconds.
  path: Assets/Prefabs/Food/Cake.prefab
  artifactKey: Guid(722628eeae7434a4484108aa82d11897) Importer(815301076,1909f56bfc062723c751e8b465ee728b)
Start importing Assets/Prefabs/Food/Cake.prefab using Guid(722628eeae7434a4484108aa82d11897) Importer(815301076,1909f56bfc062723c751e8b465ee728b)  -> (artifact id: '1395dbd39028a996d2238e078405ac63') in 0.002584 seconds
Number of updated asset objects reloaded before import = 0
Number of asset objects unloaded after import = 6
========================================================================
Received Import Request.
  Time since last request: 11.312671 seconds.
  path: Assets/PlayerPrefsEditor/Documentation/Images/bgtools_ppe_manual_filterModes.png
  artifactKey: Guid(418213a0ca74fec47960ee53fbae1cad) Importer(815301076,1909f56bfc062723c751e8b465ee728b)
Start importing Assets/PlayerPrefsEditor/Documentation/Images/bgtools_ppe_manual_filterModes.png using Guid(418213a0ca74fec47960ee53fbae1cad) Importer(815301076,1909f56bfc062723c751e8b465ee728b)  -> (artifact id: '48f389c01d8dbebe00163a1009a21dd3') in 0.001670 seconds
Number of updated asset objects reloaded before import = 0
Number of asset objects unloaded after import = 1
========================================================================
Received Import Request.
  Time since last request: 2.130956 seconds.
  path: Assets/PlayerPrefsEditor/Documentation/Images/bgtools_ppe_manual_layout.png
  artifactKey: Guid(34408ed3bf23927459af6b3263c3b147) Importer(815301076,1909f56bfc062723c751e8b465ee728b)
Start importing Assets/PlayerPrefsEditor/Documentation/Images/bgtools_ppe_manual_layout.png using Guid(34408ed3bf23927459af6b3263c3b147) Importer(815301076,1909f56bfc062723c751e8b465ee728b)  -> (artifact id: '82a8b5239a883af02518382c0f1ad606') in 0.001592 seconds
Number of updated asset objects reloaded before import = 0
Number of asset objects unloaded after import = 1
========================================================================
Received Import Request.
  Time since last request: 6.289209 seconds.
  path: Assets/PathCreator/Core/Editor
  artifactKey: Guid(76c2f3171eae9954aa317277dbffd478) Importer(815301076,1909f56bfc062723c751e8b465ee728b)
Start importing Assets/PathCreator/Core/Editor using Guid(76c2f3171eae9954aa317277dbffd478) Importer(815301076,1909f56bfc062723c751e8b465ee728b)  -> (artifact id: '4a75fe01e6d88ed408d82e5daba376cd') in 0.000469 seconds
Number of updated asset objects reloaded before import = 0
Number of asset objects unloaded after import = 0
========================================================================
Received Import Request.
  Time since last request: 5.886896 seconds.
  path: Assets/Models/FinishLine
  artifactKey: Guid(82b2232b4127d5844a81ec48e6a39bd7) Importer(815301076,1909f56bfc062723c751e8b465ee728b)
Start importing Assets/Models/FinishLine using Guid(82b2232b4127d5844a81ec48e6a39bd7) Importer(815301076,1909f56bfc062723c751e8b465ee728b)  -> (artifact id: '507e9f7d52c6d9697f1eef5e8775ecf3') in 0.000587 seconds
Number of updated asset objects reloaded before import = 0
Number of asset objects unloaded after import = 0
========================================================================
Received Import Request.
  Time since last request: 1.237339 seconds.
  path: Assets/Models/Food
  artifactKey: Guid(ef15d9cae85e21f40aa57b89a78f9807) Importer(815301076,1909f56bfc062723c751e8b465ee728b)
Start importing Assets/Models/Food using Guid(ef15d9cae85e21f40aa57b89a78f9807) Importer(815301076,1909f56bfc062723c751e8b465ee728b)  -> (artifact id: 'c05e695e6384bf8c09d68788c0b18515') in 0.000398 seconds
Number of updated asset objects reloaded before import = 0
Number of asset objects unloaded after import = 0
========================================================================
Received Import Request.
  Time since last request: 0.256702 seconds.
  path: Assets/Models/Player
  artifactKey: Guid(14ccf6fcf70355846ac3fee55abb0606) Importer(815301076,1909f56bfc062723c751e8b465ee728b)
Start importing Assets/Models/Player using Guid(14ccf6fcf70355846ac3fee55abb0606) Importer(815301076,1909f56bfc062723c751e8b465ee728b)  -> (artifact id: '3b2bac32730501074a11a979643eee4f') in 0.000403 seconds
Number of updated asset objects reloaded before import = 0
Number of asset objects unloaded after import = 0
========================================================================
Received Import Request.
  Time since last request: 0.158295 seconds.
  path: Assets/Models/Trap
  artifactKey: Guid(8ef44353beab80e40a84b12f7380f73a) Importer(815301076,1909f56bfc062723c751e8b465ee728b)
Start importing Assets/Models/Trap using Guid(8ef44353beab80e40a84b12f7380f73a) Importer(815301076,1909f56bfc062723c751e8b465ee728b)  -> (artifact id: '643f2567879d3383eac5c1bd5bacce38') in 0.000404 seconds
Number of updated asset objects reloaded before import = 0
Number of asset objects unloaded after import = 0
========================================================================
Received Import Request.
  Time since last request: 0.167586 seconds.
  path: Assets/Models/BrokenBlock.fbx
  artifactKey: Guid(041867368d04fc844a486374cbfe8ed4) Importer(815301076,1909f56bfc062723c751e8b465ee728b)
Start importing Assets/Models/BrokenBlock.fbx using Guid(041867368d04fc844a486374cbfe8ed4) Importer(815301076,1909f56bfc062723c751e8b465ee728b)  -> (artifact id: '06eebd8705615a71ba5afdeaca353c85') in 0.003198 seconds
Number of updated asset objects reloaded before import = 0
Number of asset objects unloaded after import = 43
========================================================================
Received Import Request.
  Time since last request: 0.094839 seconds.
  path: Assets/Models/Gate.fbx
  artifactKey: Guid(15877125ef929d54c90d8fb8639ca5b6) Importer(815301076,1909f56bfc062723c751e8b465ee728b)
Start importing Assets/Models/Gate.fbx using Guid(15877125ef929d54c90d8fb8639ca5b6) Importer(815301076,1909f56bfc062723c751e8b465ee728b)  -> (artifact id: 'fe348647ab9dccc1714c00247edce794') in 0.001663 seconds
Number of updated asset objects reloaded before import = 0
Number of asset objects unloaded after import = 6
========================================================================
Received Import Request.
  Time since last request: 0.330941 seconds.
  path: Assets/Models/Obstacle.blend
  artifactKey: Guid(fd1f854e8f82a6044b3d24b0d96b5442) Importer(815301076,1909f56bfc062723c751e8b465ee728b)
Start importing Assets/Models/Obstacle.blend using Guid(fd1f854e8f82a6044b3d24b0d96b5442) Importer(815301076,1909f56bfc062723c751e8b465ee728b)  -> (artifact id: '3b640112f55d44e248ba4f8ccbe08619') in 0.000958 seconds
Number of updated asset objects reloaded before import = 0
Number of asset objects unloaded after import = 1
========================================================================
Received Import Request.
  Time since last request: 0.827329 seconds.
  path: Assets/Models/Road.blend
  artifactKey: Guid(ebfe8b9913dda2d40be526ea2212f3e7) Importer(815301076,1909f56bfc062723c751e8b465ee728b)
Start importing Assets/Models/Road.blend using Guid(ebfe8b9913dda2d40be526ea2212f3e7) Importer(815301076,1909f56bfc062723c751e8b465ee728b)  -> (artifact id: '547c83bc521dd183513bf1b2021ba802') in 0.000855 seconds
Number of updated asset objects reloaded before import = 0
Number of asset objects unloaded after import = 1
========================================================================
Received Import Request.
  Time since last request: 42.822670 seconds.
  path: Assets/Models/Obstacle.blend
  artifactKey: Guid(fd1f854e8f82a6044b3d24b0d96b5442) Importer(815301076,1909f56bfc062723c751e8b465ee728b)
Start importing Assets/Models/Obstacle.blend using Guid(fd1f854e8f82a6044b3d24b0d96b5442) Importer(815301076,1909f56bfc062723c751e8b465ee728b)  -> (artifact id: 'd3a0826f486fbccaf8d231b18b66443e') in 0.000800 seconds
Number of updated asset objects reloaded before import = 0
Number of asset objects unloaded after import = 1
========================================================================
Received Import Request.
  Time since last request: 38.646921 seconds.
  path: Assets/Materials/Stars
  artifactKey: Guid(c1efd950d52da254ca562aa05fa984b2) Importer(815301076,1909f56bfc062723c751e8b465ee728b)
Start importing Assets/Materials/Stars using Guid(c1efd950d52da254ca562aa05fa984b2) Importer(815301076,1909f56bfc062723c751e8b465ee728b)  -> (artifact id: 'a4a6472b04cfdfd7c6b2e7f8002ed49c') in 0.000402 seconds
Number of updated asset objects reloaded before import = 0
Number of asset objects unloaded after import = 0
========================================================================
Received Import Request.
  Time since last request: 1.281962 seconds.
  path: Assets/Sprites/star.png
  artifactKey: Guid(6dd2c5d3e39b3054f96a3e741294c232) Importer(815301076,1909f56bfc062723c751e8b465ee728b)
Start importing Assets/Sprites/star.png using Guid(6dd2c5d3e39b3054f96a3e741294c232) Importer(815301076,1909f56bfc062723c751e8b465ee728b)  -> (artifact id: '00ce895eac20b9406d5ada5bfe93c435') in 0.001332 seconds
Number of updated asset objects reloaded before import = 0
Number of asset objects unloaded after import = 2
========================================================================
Received Import Request.
  Time since last request: 1.640102 seconds.
  path: Assets/Materials/Glows
  artifactKey: Guid(5915a4615fe07ff4a8653ef2b4571bb6) Importer(815301076,1909f56bfc062723c751e8b465ee728b)
Start importing Assets/Materials/Glows using Guid(5915a4615fe07ff4a8653ef2b4571bb6) Importer(815301076,1909f56bfc062723c751e8b465ee728b)  -> (artifact id: 'bb6e7855d67174ff70100e61c87e4238') in 0.000498 seconds
Number of updated asset objects reloaded before import = 0
Number of asset objects unloaded after import = 0
========================================================================
Received Import Request.
  Time since last request: 0.576286 seconds.
  path: Assets/Textures/glow.png
  artifactKey: Guid(0a87b5ade3842ff489843d344b20aa33) Importer(815301076,1909f56bfc062723c751e8b465ee728b)
Start importing Assets/Textures/glow.png using Guid(0a87b5ade3842ff489843d344b20aa33) Importer(815301076,1909f56bfc062723c751e8b465ee728b)  -> (artifact id: '396ab60fbc629de8fa99f530472af91b') in 0.001368 seconds
Number of updated asset objects reloaded before import = 0
Number of asset objects unloaded after import = 1
========================================================================
Received Import Request.
  Time since last request: 0.444007 seconds.
  path: Assets/Textures/lightray3.png
  artifactKey: Guid(01652caeedca1ea4286188ff1b9ca93e) Importer(815301076,1909f56bfc062723c751e8b465ee728b)
Start importing Assets/Textures/lightray3.png using Guid(01652caeedca1ea4286188ff1b9ca93e) Importer(815301076,1909f56bfc062723c751e8b465ee728b)  -> (artifact id: '0fa47bfdcabacb881444f1ffb5864856') in 0.001363 seconds
Number of updated asset objects reloaded before import = 0
Number of asset objects unloaded after import = 1
========================================================================
Received Import Request.
  Time since last request: 1.347814 seconds.
  path: Assets/Materials/Gates
  artifactKey: Guid(4aa45c2a0b0c65e4db76090b74df323a) Importer(815301076,1909f56bfc062723c751e8b465ee728b)
Start importing Assets/Materials/Gates using Guid(4aa45c2a0b0c65e4db76090b74df323a) Importer(815301076,1909f56bfc062723c751e8b465ee728b)  -> (artifact id: '05e16be25505ccdbb255daa3af06540f') in 0.000500 seconds
Number of updated asset objects reloaded before import = 0
Number of asset objects unloaded after import = 0
========================================================================
Received Import Request.
  Time since last request: 28.279246 seconds.
  path: Assets/Materials/Environment
  artifactKey: Guid(05aaa56f71ab5ea4191f62ae8696fd7b) Importer(815301076,1909f56bfc062723c751e8b465ee728b)
Start importing Assets/Materials/Environment using Guid(05aaa56f71ab5ea4191f62ae8696fd7b) Importer(815301076,1909f56bfc062723c751e8b465ee728b)  -> (artifact id: '3f9d2d5a82ad4b5b0055e298d233a383') in 0.000416 seconds
Number of updated asset objects reloaded before import = 0
Number of asset objects unloaded after import = 0
========================================================================
Received Import Request.
  Time since last request: 0.870222 seconds.
  path: Assets/Sprites/road.png
  artifactKey: Guid(f5a2d0f4c45349e49a5ed29239a4ffa7) Importer(815301076,1909f56bfc062723c751e8b465ee728b)
Start importing Assets/Sprites/road.png using Guid(f5a2d0f4c45349e49a5ed29239a4ffa7) Importer(815301076,1909f56bfc062723c751e8b465ee728b)  -> (artifact id: '1b50d1102fc7e3a44f06cbe4f4fa2a01') in 0.001715 seconds
Number of updated asset objects reloaded before import = 0
Number of asset objects unloaded after import = 2
